Added Component: Designator=C1(C0805_med_density)
Add component (AddParameter): Name = "EIA RS-198 Code"; Value = ""; VariantName = "[No Variations]"
Add component (AddParameter): Name = "Package"; Value = ""; VariantName = "[No Variations]"
Add component (AddParameter): Name = "Rating"; Value = ""; VariantName = "[No Variations]"
Add component (AddParameter): Name = "Tolerance"; Value = ""; VariantName = "[No Variations]"
Add component (AddParameter): Name = "Value"; Value = "100n"; VariantName = "[No Variations]"
Added Component: Designator=C2(C_ULM)
Add component (AddParameter): Name = "Package"; Value = "THD, 100mil pitch, 4.5mm diameter"; VariantName = "[No Variations]"
Add component (AddParameter): Name = "Rating"; Value = ""; VariantName = "[No Variations]"
Add component (AddParameter): Name = "Tolerance"; Value = ""; VariantName = "[No Variations]"
Add component (AddParameter): Name = "Value"; Value = "0u1"; VariantName = "[No Variations]"
Added Component: Designator=C3(CAP_UMA_3X5_NCH)
Add component (AddParameter): Name = "Package"; Value = "THD, 100mil pitch, 4.5mm diameter"; VariantName = "[No Variations]"
Add component (AddParameter): Name = "Rating"; Value = ""; VariantName = "[No Variations]"
Add component (AddParameter): Name = "Tolerance"; Value = ""; VariantName = "[No Variations]"
Add component (AddParameter): Name = "Value"; Value = "1u"; VariantName = "[No Variations]"
Added Component: Designator=C4(C_ULM)
Add component (AddParameter): Name = "Package"; Value = "THD, 100mil pitch, 4.5mm diameter"; VariantName = "[No Variations]"
Add component (AddParameter): Name = "Rating"; Value = ""; VariantName = "[No Variations]"
Add component (AddParameter): Name = "Tolerance"; Value = ""; VariantName = "[No Variations]"
Add component (AddParameter): Name = "Value"; Value = "0u1"; VariantName = "[No Variations]"
Added Component: Designator=C5(CAP_UMA_3X5_NCH)
Add component (AddParameter): Name = "Package"; Value = "THD, 100mil pitch, 4.5mm diameter"; VariantName = "[No Variations]"
Add component (AddParameter): Name = "Rating"; Value = ""; VariantName = "[No Variations]"
Add component (AddParameter): Name = "Tolerance"; Value = ""; VariantName = "[No Variations]"
Add component (AddParameter): Name = "Value"; Value = "1u"; VariantName = "[No Variations]"
Added Component: Designator=C6(C0805_med_density)
Add component (AddParameter): Name = "EIA RS-198 Code"; Value = ""; VariantName = "[No Variations]"
Add component (AddParameter): Name = "Package"; Value = ""; VariantName = "[No Variations]"
Add component (AddParameter): Name = "Rating"; Value = ""; VariantName = "[No Variations]"
Add component (AddParameter): Name = "Tolerance"; Value = ""; VariantName = "[No Variations]"
Add component (AddParameter): Name = "Value"; Value = "4u7"; VariantName = "[No Variations]"
Added Component: Designator=C7(C0805_med_density)
Add component (AddParameter): Name = "EIA RS-198 Code"; Value = ""; VariantName = "[No Variations]"
Add component (AddParameter): Name = "Package"; Value = ""; VariantName = "[No Variations]"
Add component (AddParameter): Name = "Rating"; Value = ""; VariantName = "[No Variations]"
Add component (AddParameter): Name = "Tolerance"; Value = ""; VariantName = "[No Variations]"
Add component (AddParameter): Name = "Value"; Value = "100n"; VariantName = "[No Variations]"
Added Component: Designator=C8(C0805_med_density)
Add component (AddParameter): Name = "EIA RS-198 Code"; Value = ""; VariantName = "[No Variations]"
Add component (AddParameter): Name = "Package"; Value = ""; VariantName = "[No Variations]"
Add component (AddParameter): Name = "Rating"; Value = ""; VariantName = "[No Variations]"
Add component (AddParameter): Name = "Tolerance"; Value = ""; VariantName = "[No Variations]"
Add component (AddParameter): Name = "Value"; Value = "100n"; VariantName = "[No Variations]"
Added Component: Designator=C9(C0805_med_density)
Add component (AddParameter): Name = "EIA RS-198 Code"; Value = ""; VariantName = "[No Variations]"
Add component (AddParameter): Name = "Package"; Value = ""; VariantName = "[No Variations]"
Add component (AddParameter): Name = "Rating"; Value = ""; VariantName = "[No Variations]"
Add component (AddParameter): Name = "Tolerance"; Value = ""; VariantName = "[No Variations]"
Add component (AddParameter): Name = "Value"; Value = "10n"; VariantName = "[No Variations]"
Added Component: Designator=C10_FirstValve(C0805_med_density)
Add component (AddParameter): Name = "EIA RS-198 Code"; Value = ""; VariantName = "[No Variations]"
Add component (AddParameter): Name = "Package"; Value = ""; VariantName = "[No Variations]"
Add component (AddParameter): Name = "Rating"; Value = ""; VariantName = "[No Variations]"
Add component (AddParameter): Name = "Tolerance"; Value = ""; VariantName = "[No Variations]"
Add component (AddParameter): Name = "Value"; Value = "0u1"; VariantName = "[No Variations]"
Added Component: Designator=C10_SecondValve(C0805_med_density)
Add component (AddParameter): Name = "EIA RS-198 Code"; Value = ""; VariantName = "[No Variations]"
Add component (AddParameter): Name = "Package"; Value = ""; VariantName = "[No Variations]"
Add component (AddParameter): Name = "Rating"; Value = ""; VariantName = "[No Variations]"
Add component (AddParameter): Name = "Tolerance"; Value = ""; VariantName = "[No Variations]"
Add component (AddParameter): Name = "Value"; Value = "0u1"; VariantName = "[No Variations]"
Added Component: Designator=C10_ThirdValve(C0805_med_density)
Add component (AddParameter): Name = "EIA RS-198 Code"; Value = ""; VariantName = "[No Variations]"
Add component (AddParameter): Name = "Package"; Value = ""; VariantName = "[No Variations]"
Add component (AddParameter): Name = "Rating"; Value = ""; VariantName = "[No Variations]"
Add component (AddParameter): Name = "Tolerance"; Value = ""; VariantName = "[No Variations]"
Add component (AddParameter): Name = "Value"; Value = "0u1"; VariantName = "[No Variations]"
Added Component: Designator=D1_FirstValve(DO-201AD)
Add component (AddParameter): Name = "Package"; Value = ""; VariantName = "[No Variations]"
Add component (AddParameter): Name = "PartNumber"; Value = "1655-1921-1-ND"; VariantName = "[No Variations]"
Added Component: Designator=D1_SecondValve(DO-201AD)
Add component (AddParameter): Name = "Package"; Value = ""; VariantName = "[No Variations]"
Add component (AddParameter): Name = "PartNumber"; Value = "1655-1921-1-ND"; VariantName = "[No Variations]"
Added Component: Designator=D1_ThirdValve(DO-201AD)
Add component (AddParameter): Name = "Package"; Value = ""; VariantName = "[No Variations]"
Add component (AddParameter): Name = "PartNumber"; Value = "1655-1921-1-ND"; VariantName = "[No Variations]"
Added Component: Designator=J1(Molex KK 4x1)
Added Component: Designator=J2(CON_2074781004_MOL)
Add component (AddParameter): Name = "Built_By"; Value = "Molex_Team"; VariantName = "[No Variations]"
Add component (AddParameter): Name = "Copyright"; Value = "Copyright (C) 2018 Accelerated Designs. All rights reserved"; VariantName = "[No Variations]"
Add component (AddParameter): Name = "Manufacturer_Part_Number"; Value = "2074781004"; VariantName = "[No Variations]"
Add component (AddParameter): Name = "RefDes"; Value = "RefDes"; VariantName = "[No Variations]"
Add component (AddParameter): Name = "SourceLibrary"; Value = "Molex_2020-09-09"; VariantName = "[No Variations]"
Add component (AddParameter): Name = "Type"; Value = "DEV"; VariantName = "[No Variations]"
Add component (AddParameter): Name = "Vendor"; Value = "Molex Connector Corporation"; VariantName = "[No Variations]"
Added Component: Designator=J3(Molex KK 4x1)
Added Component: Designator=J4(HDR1X4)
Add component (AddParameter): Name = "LatestRevisionDate"; Value = "17-Jul-2002"; VariantName = "[No Variations]"
Add component (AddParameter): Name = "LatestRevisionNote"; Value = "Re-released for DXP Platform."; VariantName = "[No Variations]"
Add component (AddParameter): Name = "Publisher"; Value = "Altium Limited"; VariantName = "[No Variations]"
Added Component: Designator=J5_FirstValve(MOLEX_436500200 - duplicate)
Added Component: Designator=J5_SecondValve(MOLEX_436500200 - duplicate)
Added Component: Designator=J5_ThirdValve(MOLEX_436500200 - duplicate)
Added Component: Designator=Q1_FirstValve(D2PAK)
Add component (AddParameter): Name = "DC Gain"; Value = "750"; VariantName = "[No Variations]"
Add component (AddParameter): Name = "Part Number"; Value = "2STBN15D100"; VariantName = "[No Variations]"
Add component (AddParameter): Name = "Supplier 1"; Value = "Digi-Key"; VariantName = "[No Variations]"
Add component (AddParameter): Name = "Supplier Part Number 1"; Value = "497-10113-1-ND"; VariantName = "[No Variations]"
Added Component: Designator=Q1_SecondValve(D2PAK)
Add component (AddParameter): Name = "DC Gain"; Value = "750"; VariantName = "[No Variations]"
Add component (AddParameter): Name = "Part Number"; Value = "2STBN15D100"; VariantName = "[No Variations]"
Add component (AddParameter): Name = "Supplier 1"; Value = "Digi-Key"; VariantName = "[No Variations]"
Add component (AddParameter): Name = "Supplier Part Number 1"; Value = "497-10113-1-ND"; VariantName = "[No Variations]"
Added Component: Designator=Q1_ThirdValve(D2PAK)
Add component (AddParameter): Name = "DC Gain"; Value = "750"; VariantName = "[No Variations]"
Add component (AddParameter): Name = "Part Number"; Value = "2STBN15D100"; VariantName = "[No Variations]"
Add component (AddParameter): Name = "Supplier 1"; Value = "Digi-Key"; VariantName = "[No Variations]"
Add component (AddParameter): Name = "Supplier Part Number 1"; Value = "497-10113-1-ND"; VariantName = "[No Variations]"
Added Component: Designator=Q2_FirstValve(TRANS_RK7002BMHZG_ROM)
Add component (AddParameter): Name = "Built_By"; Value = "EMA_Matt"; VariantName = "[No Variations]"
Add component (AddParameter): Name = "Copyright"; Value = "Copyright (C) 2018 Accelerated Designs. All rights reserved"; VariantName = "[No Variations]"
Add component (AddParameter): Name = "Manufacturer_Part_Number"; Value = "RK7002BMT116"; VariantName = "[No Variations]"
Add component (AddParameter): Name = "RefDes"; Value = "RefDes"; VariantName = "[No Variations]"
Add component (AddParameter): Name = "SourceLibrary"; Value = "Rohm_2019-09-23"; VariantName = "[No Variations]"
Add component (AddParameter): Name = "Type"; Value = "DEV"; VariantName = "[No Variations]"
Add component (AddParameter): Name = "Vendor"; Value = "ROHM Semiconductor"; VariantName = "[No Variations]"
Added Component: Designator=Q2_SecondValve(TRANS_RK7002BMHZG_ROM)
Add component (AddParameter): Name = "Built_By"; Value = "EMA_Matt"; VariantName = "[No Variations]"
Add component (AddParameter): Name = "Copyright"; Value = "Copyright (C) 2018 Accelerated Designs. All rights reserved"; VariantName = "[No Variations]"
Add component (AddParameter): Name = "Manufacturer_Part_Number"; Value = "RK7002BMT116"; VariantName = "[No Variations]"
Add component (AddParameter): Name = "RefDes"; Value = "RefDes"; VariantName = "[No Variations]"
Add component (AddParameter): Name = "SourceLibrary"; Value = "Rohm_2019-09-23"; VariantName = "[No Variations]"
Add component (AddParameter): Name = "Type"; Value = "DEV"; VariantName = "[No Variations]"
Add component (AddParameter): Name = "Vendor"; Value = "ROHM Semiconductor"; VariantName = "[No Variations]"
Added Component: Designator=Q2_ThirdValve(TRANS_RK7002BMHZG_ROM)
Add component (AddParameter): Name = "Built_By"; Value = "EMA_Matt"; VariantName = "[No Variations]"
Add component (AddParameter): Name = "Copyright"; Value = "Copyright (C) 2018 Accelerated Designs. All rights reserved"; VariantName = "[No Variations]"
Add component (AddParameter): Name = "Manufacturer_Part_Number"; Value = "RK7002BMT116"; VariantName = "[No Variations]"
Add component (AddParameter): Name = "RefDes"; Value = "RefDes"; VariantName = "[No Variations]"
Add component (AddParameter): Name = "SourceLibrary"; Value = "Rohm_2019-09-23"; VariantName = "[No Variations]"
Add component (AddParameter): Name = "Type"; Value = "DEV"; VariantName = "[No Variations]"
Add component (AddParameter): Name = "Vendor"; Value = "ROHM Semiconductor"; VariantName = "[No Variations]"
Added Component: Designator=R1(R0805_med_density)
Add component (AddParameter): Name = "Package"; Value = ""; VariantName = "[No Variations]"
Add component (AddParameter): Name = "Rating"; Value = ""; VariantName = "[No Variations]"
Add component (AddParameter): Name = "Tolerance"; Value = ""; VariantName = "[No Variations]"
Add component (AddParameter): Name = "Value"; Value = "120R"; VariantName = "[No Variations]"
Added Component: Designator=R2(R0805_med_density)
Add component (AddParameter): Name = "Package"; Value = ""; VariantName = "[No Variations]"
Add component (AddParameter): Name = "Rating"; Value = ""; VariantName = "[No Variations]"
Add component (AddParameter): Name = "Tolerance"; Value = ""; VariantName = "[No Variations]"
Add component (AddParameter): Name = "Value"; Value = "100R"; VariantName = "[No Variations]"
Added Component: Designator=R3_FirstValve(R1210_med_density)
Add component (AddParameter): Name = "Package"; Value = ""; VariantName = "[No Variations]"
Add component (AddParameter): Name = "Rating"; Value = ""; VariantName = "[No Variations]"
Add component (AddParameter): Name = "Tolerance"; Value = ""; VariantName = "[No Variations]"
Add component (AddParameter): Name = "Value"; Value = "4m"; VariantName = "[No Variations]"
Added Component: Designator=R3_SecondValve(R1210_med_density)
Add component (AddParameter): Name = "Package"; Value = ""; VariantName = "[No Variations]"
Add component (AddParameter): Name = "Rating"; Value = ""; VariantName = "[No Variations]"
Add component (AddParameter): Name = "Tolerance"; Value = ""; VariantName = "[No Variations]"
Add component (AddParameter): Name = "Value"; Value = "4m"; VariantName = "[No Variations]"
Added Component: Designator=R3_ThirdValve(R1210_med_density)
Add component (AddParameter): Name = "Package"; Value = ""; VariantName = "[No Variations]"
Add component (AddParameter): Name = "Rating"; Value = ""; VariantName = "[No Variations]"
Add component (AddParameter): Name = "Tolerance"; Value = ""; VariantName = "[No Variations]"
Add component (AddParameter): Name = "Value"; Value = "4m"; VariantName = "[No Variations]"
Added Component: Designator=R4_FirstValve(R0805_med_density)
Add component (AddParameter): Name = "Package"; Value = ""; VariantName = "[No Variations]"
Add component (AddParameter): Name = "Rating"; Value = "0.25 W"; VariantName = "[No Variations]"
Add component (AddParameter): Name = "Tolerance"; Value = ""; VariantName = "[No Variations]"
Add component (AddParameter): Name = "Value"; Value = "91R"; VariantName = "[No Variations]"
Added Component: Designator=R4_SecondValve(R0805_med_density)
Add component (AddParameter): Name = "Package"; Value = ""; VariantName = "[No Variations]"
Add component (AddParameter): Name = "Rating"; Value = "0.25 W"; VariantName = "[No Variations]"
Add component (AddParameter): Name = "Tolerance"; Value = ""; VariantName = "[No Variations]"
Add component (AddParameter): Name = "Value"; Value = "91R"; VariantName = "[No Variations]"
Added Component: Designator=R4_ThirdValve(R0805_med_density)
Add component (AddParameter): Name = "Package"; Value = ""; VariantName = "[No Variations]"
Add component (AddParameter): Name = "Rating"; Value = "0.25 W"; VariantName = "[No Variations]"
Add component (AddParameter): Name = "Tolerance"; Value = ""; VariantName = "[No Variations]"
Add component (AddParameter): Name = "Value"; Value = "91R"; VariantName = "[No Variations]"
Added Component: Designator=R5_FirstValve(R0805_med_density)
Add component (AddParameter): Name = "Package"; Value = ""; VariantName = "[No Variations]"
Add component (AddParameter): Name = "Rating"; Value = "0.125 W"; VariantName = "[No Variations]"
Add component (AddParameter): Name = "Tolerance"; Value = ""; VariantName = "[No Variations]"
Add component (AddParameter): Name = "Value"; Value = "10k"; VariantName = "[No Variations]"
Added Component: Designator=R5_SecondValve(R0805_med_density)
Add component (AddParameter): Name = "Package"; Value = ""; VariantName = "[No Variations]"
Add component (AddParameter): Name = "Rating"; Value = "0.125 W"; VariantName = "[No Variations]"
Add component (AddParameter): Name = "Tolerance"; Value = ""; VariantName = "[No Variations]"
Add component (AddParameter): Name = "Value"; Value = "10k"; VariantName = "[No Variations]"
Added Component: Designator=R5_ThirdValve(R0805_med_density)
Add component (AddParameter): Name = "Package"; Value = ""; VariantName = "[No Variations]"
Add component (AddParameter): Name = "Rating"; Value = "0.125 W"; VariantName = "[No Variations]"
Add component (AddParameter): Name = "Tolerance"; Value = ""; VariantName = "[No Variations]"
Add component (AddParameter): Name = "Value"; Value = "10k"; VariantName = "[No Variations]"
Added Component: Designator=R6_FirstValve(R0805_med_density)
Add component (AddParameter): Name = "Package"; Value = ""; VariantName = "[No Variations]"
Add component (AddParameter): Name = "Rating"; Value = "0.125 W"; VariantName = "[No Variations]"
Add component (AddParameter): Name = "Tolerance"; Value = ""; VariantName = "[No Variations]"
Add component (AddParameter): Name = "Value"; Value = "100R"; VariantName = "[No Variations]"
Added Component: Designator=R6_SecondValve(R0805_med_density)
Add component (AddParameter): Name = "Package"; Value = ""; VariantName = "[No Variations]"
Add component (AddParameter): Name = "Rating"; Value = "0.125 W"; VariantName = "[No Variations]"
Add component (AddParameter): Name = "Tolerance"; Value = ""; VariantName = "[No Variations]"
Add component (AddParameter): Name = "Value"; Value = "100R"; VariantName = "[No Variations]"
Added Component: Designator=R6_ThirdValve(R0805_med_density)
Add component (AddParameter): Name = "Package"; Value = ""; VariantName = "[No Variations]"
Add component (AddParameter): Name = "Rating"; Value = "0.125 W"; VariantName = "[No Variations]"
Add component (AddParameter): Name = "Tolerance"; Value = ""; VariantName = "[No Variations]"
Add component (AddParameter): Name = "Value"; Value = "100R"; VariantName = "[No Variations]"
Added Component: Designator=R7(R0805_med_density)
Add component (AddParameter): Name = "Package"; Value = ""; VariantName = "[No Variations]"
Add component (AddParameter): Name = "Rating"; Value = ""; VariantName = "[No Variations]"
Add component (AddParameter): Name = "Tolerance"; Value = ""; VariantName = "[No Variations]"
Add component (AddParameter): Name = "Value"; Value = "240R"; VariantName = "[No Variations]"
Added Component: Designator=R8(R0805_med_density)
Add component (AddParameter): Name = "Package"; Value = ""; VariantName = "[No Variations]"
Add component (AddParameter): Name = "Rating"; Value = ""; VariantName = "[No Variations]"
Add component (AddParameter): Name = "Tolerance"; Value = ""; VariantName = "[No Variations]"
Add component (AddParameter): Name = "Value"; Value = "412R"; VariantName = "[No Variations]"
Added Component: Designator=R9(R0402_low_density)
Add component (AddParameter): Name = "Package"; Value = ""; VariantName = "[No Variations]"
Add component (AddParameter): Name = "Rating"; Value = ""; VariantName = "[No Variations]"
Add component (AddParameter): Name = "Tolerance"; Value = ""; VariantName = "[No Variations]"
Add component (AddParameter): Name = "Value"; Value = "0R"; VariantName = "[No Variations]"
Added Component: Designator=R10(R0402_low_density)
Add component (AddParameter): Name = "Package"; Value = ""; VariantName = "[No Variations]"
Add component (AddParameter): Name = "Rating"; Value = ""; VariantName = "[No Variations]"
Add component (AddParameter): Name = "Tolerance"; Value = ""; VariantName = "[No Variations]"
Add component (AddParameter): Name = "Value"; Value = "0R"; VariantName = "[No Variations]"
Added Component: Designator=R11(R0805_med_density)
Add component (AddParameter): Name = "Package"; Value = ""; VariantName = "[No Variations]"
Add component (AddParameter): Name = "Rating"; Value = ""; VariantName = "[No Variations]"
Add component (AddParameter): Name = "Tolerance"; Value = ""; VariantName = "[No Variations]"
Add component (AddParameter): Name = "Value"; Value = "240R"; VariantName = "[No Variations]"
Added Component: Designator=R12(R0805_med_density)
Add component (AddParameter): Name = "Package"; Value = ""; VariantName = "[No Variations]"
Add component (AddParameter): Name = "Rating"; Value = ""; VariantName = "[No Variations]"
Add component (AddParameter): Name = "Tolerance"; Value = ""; VariantName = "[No Variations]"
Add component (AddParameter): Name = "Value"; Value = "390R"; VariantName = "[No Variations]"
Added Component: Designator=U1(SOT-23-8)
Added Component: Designator=U2(LQFP-32)
Add component (AddParameter): Name = "Built_By"; Value = "EMA_UL_Team"; VariantName = "[No Variations]"
Add component (AddParameter): Name = "Copyright"; Value = "Copyright (C) 2018 Accelerated Designs. All rights reserved"; VariantName = "[No Variations]"
Add component (AddParameter): Name = "Manufacturer_Part_Number"; Value = "STM32F042K6T6"; VariantName = "[No Variations]"
Add component (AddParameter): Name = "RefDes"; Value = "RefDes"; VariantName = "[No Variations]"
Add component (AddParameter): Name = "SourceLibrary"; Value = "Updates_to_database_2020-10-19"; VariantName = "[No Variations]"
Add component (AddParameter): Name = "Type"; Value = "DEV"; VariantName = "[No Variations]"
Add component (AddParameter): Name = "Vendor"; Value = "STMicroelectronics"; VariantName = "[No Variations]"
Added Component: Designator=U3_FirstValve(INA240A3D)
Add component (AddParameter): Name = "Supplier 1"; Value = "Digi-Key"; VariantName = "[No Variations]"
Add component (AddParameter): Name = "Supplier Part Number 1"; Value = "296-48839-ND"; VariantName = "[No Variations]"
Added Component: Designator=U3_SecondValve(INA240A3D)
Add component (AddParameter): Name = "Supplier 1"; Value = "Digi-Key"; VariantName = "[No Variations]"
Add component (AddParameter): Name = "Supplier Part Number 1"; Value = "296-48839-ND"; VariantName = "[No Variations]"
Added Component: Designator=U3_ThirdValve(INA240A3D)
Add component (AddParameter): Name = "Supplier 1"; Value = "Digi-Key"; VariantName = "[No Variations]"
Add component (AddParameter): Name = "Supplier Part Number 1"; Value = "296-48839-ND"; VariantName = "[No Variations]"
Added Component: Designator=U4(D-PAK)
Added Component: Designator=U5(D-PAK)
Added Component: Designator=Y1(8MHz Ceramic Resonator)
Added Pin To Net: NetName=3V3D Pin=C1-1
Added Pin To Net: NetName=DGND Pin=C1-2
Added Pin To Net: NetName=AMP_IN+_FirstValve Pin=C2-1
Added Pin To Net: NetName=MGND Pin=C2-2
Added Pin To Net: NetName=3V3D Pin=C3-1
Added Pin To Net: NetName=DGND Pin=C3-2
Added Pin To Net: NetName=AMP_IN+_FirstValve Pin=C4-1
Added Pin To Net: NetName=MGND Pin=C4-2
Added Pin To Net: NetName=3V3A Pin=C5-1
Added Pin To Net: NetName=AGND Pin=C5-2
Added Pin To Net: NetName=3V3D Pin=C6-1
Added Pin To Net: NetName=DGND Pin=C6-2
Added Pin To Net: NetName=3V3D Pin=C7-1
Added Pin To Net: NetName=DGND Pin=C7-2
Added Pin To Net: NetName=3V3D Pin=C8-1
Added Pin To Net: NetName=DGND Pin=C8-2
Added Pin To Net: NetName=3V3A Pin=C9-1
Added Pin To Net: NetName=AGND Pin=C9-2
Added Pin To Net: NetName=3V3A Pin=C10_FirstValve-1
Added Pin To Net: NetName=AGND Pin=C10_FirstValve-2
Added Pin To Net: NetName=3V3A Pin=C10_SecondValve-1
Added Pin To Net: NetName=AGND Pin=C10_SecondValve-2
Added Pin To Net: NetName=3V3A Pin=C10_ThirdValve-1
Added Pin To Net: NetName=AGND Pin=C10_ThirdValve-2
Added Pin To Net: NetName=DGND Pin=J1-1
Added Pin To Net: NetName=CANH Pin=J1-2
Added Pin To Net: NetName=CANL Pin=J1-3
Added Pin To Net: NetName=DGND Pin=J1-4
Added Pin To Net: NetName=AMP_IN+_FirstValve Pin=J2-1
Added Pin To Net: NetName=MGND Pin=J2-2
Added Pin To Net: NetName=MGND Pin=J2-3
Added Pin To Net: NetName=AMP_IN+_FirstValve Pin=J2-4
Added Pin To Net: NetName=DGND Pin=J3-1
Added Pin To Net: NetName=CANH Pin=J3-2
Added Pin To Net: NetName=CANL Pin=J3-3
Added Pin To Net: NetName=DGND Pin=J3-4
Added Pin To Net: NetName=3V3D Pin=J4-1
Added Pin To Net: NetName=SWCLK Pin=J4-2
Added Pin To Net: NetName=DGND Pin=J4-3
Added Pin To Net: NetName=SWDIO Pin=J4-4
Added Pin To Net: NetName=AMP_IN-_FirstValve Pin=J5_FirstValve-1
Added Pin To Net: NetName=NetD1_FirstValve_1 Pin=J5_FirstValve-2
Added Pin To Net: NetName=AMP_IN-_SecondValve Pin=J5_SecondValve-1
Added Pin To Net: NetName=NetD1_SecondValve_1 Pin=J5_SecondValve-2
Added Pin To Net: NetName=AMP_IN-_ThirdValve Pin=J5_ThirdValve-1
Added Pin To Net: NetName=NetD1_ThirdValve_1 Pin=J5_ThirdValve-2
Added Pin To Net: NetName=NetD1_FirstValve_1 Pin=Q1_FirstValve-1
Added Pin To Net: NetName=NetQ1_FirstValve_2 Pin=Q1_FirstValve-2
Added Pin To Net: NetName=MGND Pin=Q1_FirstValve-3
Added Pin To Net: NetName=NetD1_SecondValve_1 Pin=Q1_SecondValve-1
Added Pin To Net: NetName=NetQ1_SecondValve_2 Pin=Q1_SecondValve-2
Added Pin To Net: NetName=MGND Pin=Q1_SecondValve-3
Added Pin To Net: NetName=NetD1_ThirdValve_1 Pin=Q1_ThirdValve-1
Added Pin To Net: NetName=NetQ1_ThirdValve_2 Pin=Q1_ThirdValve-2
Added Pin To Net: NetName=MGND Pin=Q1_ThirdValve-3
Added Pin To Net: NetName=DGND Pin=Q2_FirstValve-1
Added Pin To Net: NetName=NetQ2_FirstValve_2 Pin=Q2_FirstValve-2
Added Pin To Net: NetName=NetQ1_FirstValve_2 Pin=Q2_FirstValve-3
Added Pin To Net: NetName=DGND Pin=Q2_SecondValve-1
Added Pin To Net: NetName=NetQ2_SecondValve_2 Pin=Q2_SecondValve-2
Added Pin To Net: NetName=NetQ1_SecondValve_2 Pin=Q2_SecondValve-3
Added Pin To Net: NetName=DGND Pin=Q2_ThirdValve-1
Added Pin To Net: NetName=NetQ2_ThirdValve_2 Pin=Q2_ThirdValve-2
Added Pin To Net: NetName=NetQ1_ThirdValve_2 Pin=Q2_ThirdValve-3
Added Pin To Net: NetName=CANH Pin=R1-1
Added Pin To Net: NetName=CANL Pin=R1-2
Added Pin To Net: NetName=DGND Pin=R2-1
Added Pin To Net: NetName=NetR2_2 Pin=R2-2
Added Pin To Net: NetName=AMP_IN-_FirstValve Pin=R3_FirstValve-1
Added Pin To Net: NetName=AMP_IN+_FirstValve Pin=R3_FirstValve-2
Added Pin To Net: NetName=AMP_IN-_SecondValve Pin=R3_SecondValve-1
Added Pin To Net: NetName=AMP_IN+_FirstValve Pin=R3_SecondValve-2
Added Pin To Net: NetName=AMP_IN-_ThirdValve Pin=R3_ThirdValve-1
Added Pin To Net: NetName=AMP_IN+_FirstValve Pin=R3_ThirdValve-2
Added Pin To Net: NetName=3V3D Pin=R4_FirstValve-1
Added Pin To Net: NetName=NetQ1_FirstValve_2 Pin=R4_FirstValve-2
Added Pin To Net: NetName=3V3D Pin=R4_SecondValve-1
Added Pin To Net: NetName=NetQ1_SecondValve_2 Pin=R4_SecondValve-2
Added Pin To Net: NetName=3V3D Pin=R4_ThirdValve-1
Added Pin To Net: NetName=NetQ1_ThirdValve_2 Pin=R4_ThirdValve-2
Added Pin To Net: NetName=3V3D Pin=R5_FirstValve-1
Added Pin To Net: NetName=NetQ2_FirstValve_2 Pin=R5_FirstValve-2
Added Pin To Net: NetName=3V3D Pin=R5_SecondValve-1
Added Pin To Net: NetName=NetQ2_SecondValve_2 Pin=R5_SecondValve-2
Added Pin To Net: NetName=3V3D Pin=R5_ThirdValve-1
Added Pin To Net: NetName=NetQ2_ThirdValve_2 Pin=R5_ThirdValve-2
Added Pin To Net: NetName=NetQ2_FirstValve_2 Pin=R6_FirstValve-1
Added Pin To Net: NetName=Val1_PWM Pin=R6_FirstValve-2
Added Pin To Net: NetName=NetQ2_SecondValve_2 Pin=R6_SecondValve-1
Added Pin To Net: NetName=Val2_PWM Pin=R6_SecondValve-2
Added Pin To Net: NetName=NetQ2_ThirdValve_2 Pin=R6_ThirdValve-1
Added Pin To Net: NetName=Val3_PWM Pin=R6_ThirdValve-2
Added Pin To Net: NetName=NetR7_1 Pin=R7-1
Added Pin To Net: NetName=3V3D Pin=R7-2
Added Pin To Net: NetName=DGND Pin=R8-1
Added Pin To Net: NetName=NetR7_1 Pin=R8-2
Added Pin To Net: NetName=AGND Pin=R9-1
Added Pin To Net: NetName=MGND Pin=R9-2
Added Pin To Net: NetName=DGND Pin=R10-1
Added Pin To Net: NetName=MGND Pin=R10-2
Added Pin To Net: NetName=3V3A Pin=R11-2
Added Pin To Net: NetName=AGND Pin=R12-1
Added Pin To Net: NetName=CAN_TX Pin=U1-1
Added Pin To Net: NetName=DGND Pin=U1-2
Added Pin To Net: NetName=3V3D Pin=U1-3
Added Pin To Net: NetName=CAN_RX Pin=U1-4
Added Pin To Net: NetName=CANL Pin=U1-6
Added Pin To Net: NetName=CANH Pin=U1-7
Added Pin To Net: NetName=3V3D Pin=U2-1
Added Pin To Net: NetName=NetU2_2 Pin=U2-2
Added Pin To Net: NetName=NetU2_3 Pin=U2-3
Added Pin To Net: NetName=3V3A Pin=U2-5
Added Pin To Net: NetName=Val1_PWM Pin=U2-7
Added Pin To Net: NetName=Val2_PWM Pin=U2-8
Added Pin To Net: NetName=Val3_PWM Pin=U2-9
Added Pin To Net: NetName=Val1_Sense Pin=U2-10
Added Pin To Net: NetName=Val2_Sense Pin=U2-11
Added Pin To Net: NetName=Val3_Sense Pin=U2-12
Added Pin To Net: NetName=DGND Pin=U2-16
Added Pin To Net: NetName=CAN_RX Pin=U2-21
Added Pin To Net: NetName=CAN_TX Pin=U2-22
Added Pin To Net: NetName=SWDIO Pin=U2-23
Added Pin To Net: NetName=SWCLK Pin=U2-24
Added Pin To Net: NetName=NetR2_2 Pin=U2-31
Added Pin To Net: NetName=DGND Pin=U2-32
Added Pin To Net: NetName=AMP_IN-_FirstValve Pin=U3_FirstValve-1
Added Pin To Net: NetName=AGND Pin=U3_FirstValve-2
Added Pin To Net: NetName=AGND Pin=U3_FirstValve-3
Added Pin To Net: NetName=Val1_Sense Pin=U3_FirstValve-5
Added Pin To Net: NetName=3V3A Pin=U3_FirstValve-6
Added Pin To Net: NetName=AGND Pin=U3_FirstValve-7
Added Pin To Net: NetName=AMP_IN+_FirstValve Pin=U3_FirstValve-8
Added Pin To Net: NetName=AMP_IN-_SecondValve Pin=U3_SecondValve-1
Added Pin To Net: NetName=AGND Pin=U3_SecondValve-2
Added Pin To Net: NetName=AGND Pin=U3_SecondValve-3
Added Pin To Net: NetName=Val2_Sense Pin=U3_SecondValve-5
Added Pin To Net: NetName=3V3A Pin=U3_SecondValve-6
Added Pin To Net: NetName=AGND Pin=U3_SecondValve-7
Added Pin To Net: NetName=AMP_IN+_FirstValve Pin=U3_SecondValve-8
Added Pin To Net: NetName=AMP_IN-_ThirdValve Pin=U3_ThirdValve-1
Added Pin To Net: NetName=AGND Pin=U3_ThirdValve-2
Added Pin To Net: NetName=AGND Pin=U3_ThirdValve-3
Added Pin To Net: NetName=Val3_Sense Pin=U3_ThirdValve-5
Added Pin To Net: NetName=3V3A Pin=U3_ThirdValve-6
Added Pin To Net: NetName=AGND Pin=U3_ThirdValve-7
Added Pin To Net: NetName=AMP_IN+_FirstValve Pin=U3_ThirdValve-8
Added Pin To Net: NetName=NetR7_1 Pin=U4-1
Added Pin To Net: NetName=AMP_IN+_FirstValve Pin=U4-3
Added Pin To Net: NetName=3V3D Pin=U4-4
Added Pin To Net: NetName=AMP_IN+_FirstValve Pin=U5-3
Added Pin To Net: NetName=3V3A Pin=U5-4
Added Pin To Net: NetName=NetU2_3 Pin=Y1-1
Added Pin To Net: NetName=DGND Pin=Y1-2
Added Pin To Net: NetName=NetU2_2 Pin=Y1-3
Added Pin To Net: NetName=NetR11_1 Pin=R11-1
Added Pin To Net: NetName=NetR11_1 Pin=R12-2
Added Pin To Net: NetName=NetR11_1 Pin=U5-1
Added Net: Name=NetR11_1
Added Member To Class: ClassName=valves Member=Component C1 CapCer
Added Member To Class: ClassName=Designator Member=Component C2 CapAlum
Added Member To Class: ClassName=Designator Member=Component C3 CapAlum
Added Member To Class: ClassName=Designator Member=Component C4 CapAlum
Added Member To Class: ClassName=Designator Member=Component C5 CapAlum
Added Member To Class: ClassName=valves Member=Component C6 CapCer
Added Member To Class: ClassName=valves Member=Component C7 CapCer
Added Member To Class: ClassName=valves Member=Component C8 CapCer
Added Member To Class: ClassName=valves Member=Component C9 CapCer
Added Member To Class: ClassName=FirstValve Member=Component C10_FirstValve (C10) CapCer
Added Member To Class: ClassName=SecondValve Member=Component C10_SecondValve (C10) CapCer
Added Member To Class: ClassName=ThirdValve Member=Component C10_ThirdValve (C10) CapCer
Added Member To Class: ClassName=FirstValve Member=Component D1_FirstValve (D1) 1655-1921-1-ND
Added Member To Class: ClassName=SecondValve Member=Component D1_SecondValve (D1) 1655-1921-1-ND
Added Member To Class: ClassName=ThirdValve Member=Component D1_ThirdValve (D1) 1655-1921-1-ND
Added Member To Class: ClassName=valves Member=Component J1 Molex KK 1x4
Added Member To Class: ClassName=valves Member=Component J2 Battery
Added Member To Class: ClassName=valves Member=Component J3 Molex KK 1x4
Added Member To Class: ClassName=valves Member=Component J4 Header 4
Added Member To Class: ClassName=FirstValve Member=Component J5_FirstValve (J5) Valve
Added Member To Class: ClassName=SecondValve Member=Component J5_SecondValve (J5) Valve
Added Member To Class: ClassName=ThirdValve Member=Component J5_ThirdValve (J5) Valve
Added Member To Class: ClassName=FirstValve Member=Component Q1_FirstValve (Q1) 2STBN15D100
Added Member To Class: ClassName=SecondValve Member=Component Q1_SecondValve (Q1) 2STBN15D100
Added Member To Class: ClassName=ThirdValve Member=Component Q1_ThirdValve (Q1) 2STBN15D100
Added Member To Class: ClassName=FirstValve Member=Component Q2_FirstValve (Q2) RK7002BMT116
Added Member To Class: ClassName=SecondValve Member=Component Q2_SecondValve (Q2) RK7002BMT116
Added Member To Class: ClassName=ThirdValve Member=Component Q2_ThirdValve (Q2) RK7002BMT116
Added Member To Class: ClassName=valves Member=Component R1 ResChip
Added Member To Class: ClassName=valves Member=Component R2 ResChip
Added Member To Class: ClassName=FirstValve Member=Component R3_FirstValve (R3) ResChip
Added Member To Class: ClassName=SecondValve Member=Component R3_SecondValve (R3) ResChip
Added Member To Class: ClassName=ThirdValve Member=Component R3_ThirdValve (R3) ResChip
Added Member To Class: ClassName=FirstValve Member=Component R4_FirstValve (R4) ResChip
Added Member To Class: ClassName=SecondValve Member=Component R4_SecondValve (R4) ResChip
Added Member To Class: ClassName=ThirdValve Member=Component R4_ThirdValve (R4) ResChip
Added Member To Class: ClassName=FirstValve Member=Component R5_FirstValve (R5) ResChip
Added Member To Class: ClassName=SecondValve Member=Component R5_SecondValve (R5) ResChip
Added Member To Class: ClassName=ThirdValve Member=Component R5_ThirdValve (R5) ResChip
Added Member To Class: ClassName=FirstValve Member=Component R6_FirstValve (R6) ResChip
Added Member To Class: ClassName=SecondValve Member=Component R6_SecondValve (R6) ResChip
Added Member To Class: ClassName=ThirdValve Member=Component R6_ThirdValve (R6) ResChip
Added Member To Class: ClassName=Designator Member=Component R7 ResChip
Added Member To Class: ClassName=Designator Member=Component R8 ResChip
Added Member To Class: ClassName=Designator Member=Component R9 ResChip
Added Member To Class: ClassName=Designator Member=Component R10 ResChip
Added Member To Class: ClassName=Designator Member=Component R11 ResChip
Added Member To Class: ClassName=Designator Member=Component R12 ResChip
Added Member To Class: ClassName=valves Member=Component U1 TCAN332DCNT
Added Member To Class: ClassName=valves Member=Component U2 STM32F042K6T6
Added Member To Class: ClassName=FirstValve Member=Component U3_FirstValve (U3) INA240A3D
Added Member To Class: ClassName=SecondValve Member=Component U3_SecondValve (U3) INA240A3D
Added Member To Class: ClassName=ThirdValve Member=Component U3_ThirdValve (U3) INA240A3D
Added Member To Class: ClassName=Designator Member=Component U4 LM317
Added Member To Class: ClassName=Designator Member=Component U5 LM317
Added Member To Class: ClassName=valves Member=Component Y1 CSTCE8M00
Added Room: Name=Designator
Added Room: Name=FirstValve
Added Room: Name=SecondValve
Added Room: Name=ThirdValve
Added Room: Name=valves
