Added Component: Designator=C1(C0805_med_density)
Add component (AddParameter): Name = "EIA RS-198 Code"; Value = ""; VariantName = "[No Variations]"
Add component (AddParameter): Name = "Package"; Value = ""; VariantName = "[No Variations]"
Add component (AddParameter): Name = "Rating"; Value = ""; VariantName = "[No Variations]"
Add component (AddParameter): Name = "Tolerance"; Value = ""; VariantName = "[No Variations]"
Add component (AddParameter): Name = "Value"; Value = "100n"; VariantName = "[No Variations]"
Added Component: Designator=C2(KYC_12.5mm_cap)
Add component (AddParameter): Name = "Package"; Value = "THD, 100mil pitch, 4.5mm diameter"; VariantName = "[No Variations]"
Add component (AddParameter): Name = "Rating"; Value = ""; VariantName = "[No Variations]"
Add component (AddParameter): Name = "Tolerance"; Value = ""; VariantName = "[No Variations]"
Add component (AddParameter): Name = "Value"; Value = "0u1"; VariantName = "[No Variations]"
Added Component: Designator=C3(KYC_12.5mm_cap)
Add component (AddParameter): Name = "Package"; Value = "THD, 100mil pitch, 4.5mm diameter"; VariantName = "[No Variations]"
Add component (AddParameter): Name = "Rating"; Value = ""; VariantName = "[No Variations]"
Add component (AddParameter): Name = "Tolerance"; Value = ""; VariantName = "[No Variations]"
Add component (AddParameter): Name = "Value"; Value = "1u"; VariantName = "[No Variations]"
Added Component: Designator=C4(C0402_low_density)
Add component (AddParameter): Name = "EIA RS-198 Code"; Value = ""; VariantName = "[No Variations]"
Add component (AddParameter): Name = "Package"; Value = ""; VariantName = "[No Variations]"
Add component (AddParameter): Name = "Rating"; Value = ""; VariantName = "[No Variations]"
Add component (AddParameter): Name = "Tolerance"; Value = ""; VariantName = "[No Variations]"
Add component (AddParameter): Name = "Value"; Value = "0u1"; VariantName = "[No Variations]"
Added Component: Designator=C5(C0402_low_density)
Add component (AddParameter): Name = "EIA RS-198 Code"; Value = ""; VariantName = "[No Variations]"
Add component (AddParameter): Name = "Package"; Value = ""; VariantName = "[No Variations]"
Add component (AddParameter): Name = "Rating"; Value = ""; VariantName = "[No Variations]"
Add component (AddParameter): Name = "Tolerance"; Value = ""; VariantName = "[No Variations]"
Add component (AddParameter): Name = "Value"; Value = "2u2"; VariantName = "[No Variations]"
Added Component: Designator=D1_FirstValve(DO-35)
Add component (AddParameter): Name = "Package"; Value = ""; VariantName = "[No Variations]"
Add component (AddParameter): Name = "PartNumber"; Value = ""; VariantName = "[No Variations]"
Added Component: Designator=D1_SecondValve(DO-35)
Add component (AddParameter): Name = "Package"; Value = ""; VariantName = "[No Variations]"
Add component (AddParameter): Name = "PartNumber"; Value = ""; VariantName = "[No Variations]"
Added Component: Designator=D1_ThirdValve(DO-35)
Add component (AddParameter): Name = "Package"; Value = ""; VariantName = "[No Variations]"
Add component (AddParameter): Name = "PartNumber"; Value = ""; VariantName = "[No Variations]"
Added Component: Designator=J1(Molex KK 4x1)
Added Component: Designator=J2(CON_2074781004_MOL)
Add component (AddParameter): Name = "Built_By"; Value = "Molex_Team"; VariantName = "[No Variations]"
Add component (AddParameter): Name = "Copyright"; Value = "Copyright (C) 2018 Accelerated Designs. All rights reserved"; VariantName = "[No Variations]"
Add component (AddParameter): Name = "Manufacturer_Part_Number"; Value = "2074781004"; VariantName = "[No Variations]"
Add component (AddParameter): Name = "RefDes"; Value = "RefDes"; VariantName = "[No Variations]"
Add component (AddParameter): Name = "SourceLibrary"; Value = "Molex_2020-09-09"; VariantName = "[No Variations]"
Add component (AddParameter): Name = "Type"; Value = "DEV"; VariantName = "[No Variations]"
Add component (AddParameter): Name = "Vendor"; Value = "Molex Connector Corporation"; VariantName = "[No Variations]"
Added Component: Designator=J3(Molex KK 4x1)
Added Component: Designator=J4(HDR1X4)
Add component (AddParameter): Name = "LatestRevisionDate"; Value = "17-Jul-2002"; VariantName = "[No Variations]"
Add component (AddParameter): Name = "LatestRevisionNote"; Value = "Re-released for DXP Platform."; VariantName = "[No Variations]"
Add component (AddParameter): Name = "Publisher"; Value = "Altium Limited"; VariantName = "[No Variations]"
Added Component: Designator=J5_FirstValve(MOLEX_436500200 - duplicate)
Added Component: Designator=J5_SecondValve(MOLEX_436500200 - duplicate)
Added Component: Designator=J5_ThirdValve(MOLEX_436500200 - duplicate)
Added Component: Designator=Q1_FirstValve(D2PAK)
Add component (AddParameter): Name = "DC Gain"; Value = "750"; VariantName = "[No Variations]"
Add component (AddParameter): Name = "Part Number"; Value = "2STBN15D100"; VariantName = "[No Variations]"
Add component (AddParameter): Name = "Supplier 1"; Value = "Digi-Key"; VariantName = "[No Variations]"
Add component (AddParameter): Name = "Supplier Part Number 1"; Value = "497-10113-1-ND"; VariantName = "[No Variations]"
Added Component: Designator=Q1_SecondValve(D2PAK)
Add component (AddParameter): Name = "DC Gain"; Value = "750"; VariantName = "[No Variations]"
Add component (AddParameter): Name = "Part Number"; Value = "2STBN15D100"; VariantName = "[No Variations]"
Add component (AddParameter): Name = "Supplier 1"; Value = "Digi-Key"; VariantName = "[No Variations]"
Add component (AddParameter): Name = "Supplier Part Number 1"; Value = "497-10113-1-ND"; VariantName = "[No Variations]"
Added Component: Designator=Q1_ThirdValve(D2PAK)
Add component (AddParameter): Name = "DC Gain"; Value = "750"; VariantName = "[No Variations]"
Add component (AddParameter): Name = "Part Number"; Value = "2STBN15D100"; VariantName = "[No Variations]"
Add component (AddParameter): Name = "Supplier 1"; Value = "Digi-Key"; VariantName = "[No Variations]"
Add component (AddParameter): Name = "Supplier Part Number 1"; Value = "497-10113-1-ND"; VariantName = "[No Variations]"
Added Component: Designator=Q2_FirstValve(TRANS_RK7002BMHZG_ROM)
Add component (AddParameter): Name = "Built_By"; Value = "EMA_Matt"; VariantName = "[No Variations]"
Add component (AddParameter): Name = "Copyright"; Value = "Copyright (C) 2018 Accelerated Designs. All rights reserved"; VariantName = "[No Variations]"
Add component (AddParameter): Name = "Manufacturer_Part_Number"; Value = "RK7002BMT116"; VariantName = "[No Variations]"
Add component (AddParameter): Name = "RefDes"; Value = "RefDes"; VariantName = "[No Variations]"
Add component (AddParameter): Name = "SourceLibrary"; Value = "Rohm_2019-09-23"; VariantName = "[No Variations]"
Add component (AddParameter): Name = "Type"; Value = "DEV"; VariantName = "[No Variations]"
Add component (AddParameter): Name = "Vendor"; Value = "ROHM Semiconductor"; VariantName = "[No Variations]"
Added Component: Designator=Q2_SecondValve(TRANS_RK7002BMHZG_ROM)
Add component (AddParameter): Name = "Built_By"; Value = "EMA_Matt"; VariantName = "[No Variations]"
Add component (AddParameter): Name = "Copyright"; Value = "Copyright (C) 2018 Accelerated Designs. All rights reserved"; VariantName = "[No Variations]"
Add component (AddParameter): Name = "Manufacturer_Part_Number"; Value = "RK7002BMT116"; VariantName = "[No Variations]"
Add component (AddParameter): Name = "RefDes"; Value = "RefDes"; VariantName = "[No Variations]"
Add component (AddParameter): Name = "SourceLibrary"; Value = "Rohm_2019-09-23"; VariantName = "[No Variations]"
Add component (AddParameter): Name = "Type"; Value = "DEV"; VariantName = "[No Variations]"
Add component (AddParameter): Name = "Vendor"; Value = "ROHM Semiconductor"; VariantName = "[No Variations]"
Added Component: Designator=Q2_ThirdValve(TRANS_RK7002BMHZG_ROM)
Add component (AddParameter): Name = "Built_By"; Value = "EMA_Matt"; VariantName = "[No Variations]"
Add component (AddParameter): Name = "Copyright"; Value = "Copyright (C) 2018 Accelerated Designs. All rights reserved"; VariantName = "[No Variations]"
Add component (AddParameter): Name = "Manufacturer_Part_Number"; Value = "RK7002BMT116"; VariantName = "[No Variations]"
Add component (AddParameter): Name = "RefDes"; Value = "RefDes"; VariantName = "[No Variations]"
Add component (AddParameter): Name = "SourceLibrary"; Value = "Rohm_2019-09-23"; VariantName = "[No Variations]"
Add component (AddParameter): Name = "Type"; Value = "DEV"; VariantName = "[No Variations]"
Add component (AddParameter): Name = "Vendor"; Value = "ROHM Semiconductor"; VariantName = "[No Variations]"
Added Component: Designator=R1(R0805_med_density)
Add component (AddParameter): Name = "Package"; Value = ""; VariantName = "[No Variations]"
Add component (AddParameter): Name = "Rating"; Value = ""; VariantName = "[No Variations]"
Add component (AddParameter): Name = "Tolerance"; Value = ""; VariantName = "[No Variations]"
Add component (AddParameter): Name = "Value"; Value = "120R"; VariantName = "[No Variations]"
Added Component: Designator=R2(R0402_low_density)
Add component (AddParameter): Name = "Package"; Value = ""; VariantName = "[No Variations]"
Add component (AddParameter): Name = "Rating"; Value = ""; VariantName = "[No Variations]"
Add component (AddParameter): Name = "Tolerance"; Value = ""; VariantName = "[No Variations]"
Add component (AddParameter): Name = "Value"; Value = "100R"; VariantName = "[No Variations]"
Added Component: Designator=R3_FirstValve(R0402_low_density)
Add component (AddParameter): Name = "Package"; Value = ""; VariantName = "[No Variations]"
Add component (AddParameter): Name = "Rating"; Value = "1 W"; VariantName = "[No Variations]"
Add component (AddParameter): Name = "Tolerance"; Value = ""; VariantName = "[No Variations]"
Add component (AddParameter): Name = "Value"; Value = "4m"; VariantName = "[No Variations]"
Added Component: Designator=R3_SecondValve(R0402_low_density)
Add component (AddParameter): Name = "Package"; Value = ""; VariantName = "[No Variations]"
Add component (AddParameter): Name = "Rating"; Value = "1 W"; VariantName = "[No Variations]"
Add component (AddParameter): Name = "Tolerance"; Value = ""; VariantName = "[No Variations]"
Add component (AddParameter): Name = "Value"; Value = "4m"; VariantName = "[No Variations]"
Added Component: Designator=R3_ThirdValve(R0402_low_density)
Add component (AddParameter): Name = "Package"; Value = ""; VariantName = "[No Variations]"
Add component (AddParameter): Name = "Rating"; Value = "1 W"; VariantName = "[No Variations]"
Add component (AddParameter): Name = "Tolerance"; Value = ""; VariantName = "[No Variations]"
Add component (AddParameter): Name = "Value"; Value = "4m"; VariantName = "[No Variations]"
Added Component: Designator=R4_FirstValve(R0402_low_density)
Add component (AddParameter): Name = "Package"; Value = ""; VariantName = "[No Variations]"
Add component (AddParameter): Name = "Rating"; Value = "0.25 W"; VariantName = "[No Variations]"
Add component (AddParameter): Name = "Tolerance"; Value = ""; VariantName = "[No Variations]"
Add component (AddParameter): Name = "Value"; Value = "91R"; VariantName = "[No Variations]"
Added Component: Designator=R4_SecondValve(R0402_low_density)
Add component (AddParameter): Name = "Package"; Value = ""; VariantName = "[No Variations]"
Add component (AddParameter): Name = "Rating"; Value = "0.25 W"; VariantName = "[No Variations]"
Add component (AddParameter): Name = "Tolerance"; Value = ""; VariantName = "[No Variations]"
Add component (AddParameter): Name = "Value"; Value = "91R"; VariantName = "[No Variations]"
Added Component: Designator=R4_ThirdValve(R0402_low_density)
Add component (AddParameter): Name = "Package"; Value = ""; VariantName = "[No Variations]"
Add component (AddParameter): Name = "Rating"; Value = "0.25 W"; VariantName = "[No Variations]"
Add component (AddParameter): Name = "Tolerance"; Value = ""; VariantName = "[No Variations]"
Add component (AddParameter): Name = "Value"; Value = "91R"; VariantName = "[No Variations]"
Added Component: Designator=R5_FirstValve(R0402_low_density)
Add component (AddParameter): Name = "Package"; Value = ""; VariantName = "[No Variations]"
Add component (AddParameter): Name = "Rating"; Value = "0.125 W"; VariantName = "[No Variations]"
Add component (AddParameter): Name = "Tolerance"; Value = ""; VariantName = "[No Variations]"
Add component (AddParameter): Name = "Value"; Value = "10k"; VariantName = "[No Variations]"
Added Component: Designator=R5_SecondValve(R0402_low_density)
Add component (AddParameter): Name = "Package"; Value = ""; VariantName = "[No Variations]"
Add component (AddParameter): Name = "Rating"; Value = "0.125 W"; VariantName = "[No Variations]"
Add component (AddParameter): Name = "Tolerance"; Value = ""; VariantName = "[No Variations]"
Add component (AddParameter): Name = "Value"; Value = "10k"; VariantName = "[No Variations]"
Added Component: Designator=R5_ThirdValve(R0402_low_density)
Add component (AddParameter): Name = "Package"; Value = ""; VariantName = "[No Variations]"
Add component (AddParameter): Name = "Rating"; Value = "0.125 W"; VariantName = "[No Variations]"
Add component (AddParameter): Name = "Tolerance"; Value = ""; VariantName = "[No Variations]"
Add component (AddParameter): Name = "Value"; Value = "10k"; VariantName = "[No Variations]"
Added Component: Designator=R6_FirstValve(R0402_low_density)
Add component (AddParameter): Name = "Package"; Value = ""; VariantName = "[No Variations]"
Add component (AddParameter): Name = "Rating"; Value = "0.125 W"; VariantName = "[No Variations]"
Add component (AddParameter): Name = "Tolerance"; Value = ""; VariantName = "[No Variations]"
Add component (AddParameter): Name = "Value"; Value = "100R"; VariantName = "[No Variations]"
Added Component: Designator=R6_SecondValve(R0402_low_density)
Add component (AddParameter): Name = "Package"; Value = ""; VariantName = "[No Variations]"
Add component (AddParameter): Name = "Rating"; Value = "0.125 W"; VariantName = "[No Variations]"
Add component (AddParameter): Name = "Tolerance"; Value = ""; VariantName = "[No Variations]"
Add component (AddParameter): Name = "Value"; Value = "100R"; VariantName = "[No Variations]"
Added Component: Designator=R6_ThirdValve(R0402_low_density)
Add component (AddParameter): Name = "Package"; Value = ""; VariantName = "[No Variations]"
Add component (AddParameter): Name = "Rating"; Value = "0.125 W"; VariantName = "[No Variations]"
Add component (AddParameter): Name = "Tolerance"; Value = ""; VariantName = "[No Variations]"
Add component (AddParameter): Name = "Value"; Value = "100R"; VariantName = "[No Variations]"
Added Component: Designator=R7(R0805_med_density)
Add component (AddParameter): Name = "Package"; Value = ""; VariantName = "[No Variations]"
Add component (AddParameter): Name = "Rating"; Value = ""; VariantName = "[No Variations]"
Add component (AddParameter): Name = "Tolerance"; Value = ""; VariantName = "[No Variations]"
Add component (AddParameter): Name = "Value"; Value = "240R"; VariantName = "[No Variations]"
Added Component: Designator=R8(R0805_med_density)
Add component (AddParameter): Name = "Package"; Value = ""; VariantName = "[No Variations]"
Add component (AddParameter): Name = "Rating"; Value = ""; VariantName = "[No Variations]"
Add component (AddParameter): Name = "Tolerance"; Value = ""; VariantName = "[No Variations]"
Add component (AddParameter): Name = "Value"; Value = "390R"; VariantName = "[No Variations]"
Added Component: Designator=R9(R0402_low_density)
Add component (AddParameter): Name = "Package"; Value = ""; VariantName = "[No Variations]"
Add component (AddParameter): Name = "Rating"; Value = ""; VariantName = "[No Variations]"
Add component (AddParameter): Name = "Tolerance"; Value = ""; VariantName = "[No Variations]"
Add component (AddParameter): Name = "Value"; Value = "0R"; VariantName = "[No Variations]"
Added Component: Designator=R10(R0402_low_density)
Add component (AddParameter): Name = "Package"; Value = ""; VariantName = "[No Variations]"
Add component (AddParameter): Name = "Rating"; Value = ""; VariantName = "[No Variations]"
Add component (AddParameter): Name = "Tolerance"; Value = ""; VariantName = "[No Variations]"
Add component (AddParameter): Name = "Value"; Value = "0R"; VariantName = "[No Variations]"
Added Component: Designator=U1(SOT-23-8)
Added Component: Designator=U2(LQFP-32)
Add component (AddParameter): Name = "Built_By"; Value = "EMA_UL_Team"; VariantName = "[No Variations]"
Add component (AddParameter): Name = "Copyright"; Value = "Copyright (C) 2018 Accelerated Designs. All rights reserved"; VariantName = "[No Variations]"
Add component (AddParameter): Name = "Manufacturer_Part_Number"; Value = "STM32F042K6T6"; VariantName = "[No Variations]"
Add component (AddParameter): Name = "RefDes"; Value = "RefDes"; VariantName = "[No Variations]"
Add component (AddParameter): Name = "SourceLibrary"; Value = "Updates_to_database_2020-10-19"; VariantName = "[No Variations]"
Add component (AddParameter): Name = "Type"; Value = "DEV"; VariantName = "[No Variations]"
Add component (AddParameter): Name = "Vendor"; Value = "STMicroelectronics"; VariantName = "[No Variations]"
Added Component: Designator=U3_FirstValve(INA240A3D)
Add component (AddParameter): Name = "Supplier 1"; Value = "Digi-Key"; VariantName = "[No Variations]"
Add component (AddParameter): Name = "Supplier Part Number 1"; Value = "296-48839-ND"; VariantName = "[No Variations]"
Added Component: Designator=U3_SecondValve(INA240A3D)
Add component (AddParameter): Name = "Supplier 1"; Value = "Digi-Key"; VariantName = "[No Variations]"
Add component (AddParameter): Name = "Supplier Part Number 1"; Value = "296-48839-ND"; VariantName = "[No Variations]"
Added Component: Designator=U3_ThirdValve(INA240A3D)
Add component (AddParameter): Name = "Supplier 1"; Value = "Digi-Key"; VariantName = "[No Variations]"
Add component (AddParameter): Name = "Supplier Part Number 1"; Value = "296-48839-ND"; VariantName = "[No Variations]"
Added Component: Designator=U4(D-PAK)
Added Component: Designator=U5(D-PAK_ST)
Add component (AddParameter): Name = "Supplier 1"; Value = "Digi-Key"; VariantName = "[No Variations]"
Add component (AddParameter): Name = "Supplier Part Number 1"; Value = "497-7760-1-ND"; VariantName = "[No Variations]"
Added Component: Designator=Y1(8MHz Ceramic Resonator)
Added Pin To Net: NetName=3V3A Pin=C5-1
Added Pin To Net: NetName=3V3A Pin=U2-5
Added Pin To Net: NetName=3V3A Pin=U3_FirstValve-6
Added Pin To Net: NetName=3V3A Pin=U3_SecondValve-6
Added Pin To Net: NetName=3V3A Pin=U3_ThirdValve-6
Added Pin To Net: NetName=3V3A Pin=U5-3
Added Net: Name=3V3A
Added Pin To Net: NetName=3V3D Pin=C1-1
Added Pin To Net: NetName=3V3D Pin=C3-1
Added Pin To Net: NetName=3V3D Pin=J4-1
Added Pin To Net: NetName=3V3D Pin=R4_FirstValve-1
Added Pin To Net: NetName=3V3D Pin=R4_SecondValve-1
Added Pin To Net: NetName=3V3D Pin=R4_ThirdValve-1
Added Pin To Net: NetName=3V3D Pin=R5_FirstValve-1
Added Pin To Net: NetName=3V3D Pin=R5_SecondValve-1
Added Pin To Net: NetName=3V3D Pin=R5_ThirdValve-1
Added Pin To Net: NetName=3V3D Pin=R7-2
Added Pin To Net: NetName=3V3D Pin=U1-3
Added Pin To Net: NetName=3V3D Pin=U2-1
Added Pin To Net: NetName=3V3D Pin=U4-4
Added Net: Name=3V3D
Added Pin To Net: NetName=AGND Pin=C4-2
Added Pin To Net: NetName=AGND Pin=C5-2
Added Pin To Net: NetName=AGND Pin=R9-1
Added Pin To Net: NetName=AGND Pin=U3_FirstValve-2
Added Pin To Net: NetName=AGND Pin=U3_FirstValve-3
Added Pin To Net: NetName=AGND Pin=U3_FirstValve-7
Added Pin To Net: NetName=AGND Pin=U3_SecondValve-2
Added Pin To Net: NetName=AGND Pin=U3_SecondValve-3
Added Pin To Net: NetName=AGND Pin=U3_SecondValve-7
Added Pin To Net: NetName=AGND Pin=U3_ThirdValve-2
Added Pin To Net: NetName=AGND Pin=U3_ThirdValve-3
Added Pin To Net: NetName=AGND Pin=U3_ThirdValve-7
Added Pin To Net: NetName=AGND Pin=U5-1
Added Net: Name=AGND
Added Pin To Net: NetName=AMP_IN+_FirstValve Pin=C2-1
Added Pin To Net: NetName=AMP_IN+_FirstValve Pin=C4-1
Added Pin To Net: NetName=AMP_IN+_FirstValve Pin=D1_FirstValve-2
Added Pin To Net: NetName=AMP_IN+_FirstValve Pin=D1_SecondValve-2
Added Pin To Net: NetName=AMP_IN+_FirstValve Pin=D1_ThirdValve-2
Added Pin To Net: NetName=AMP_IN+_FirstValve Pin=J2-1
Added Pin To Net: NetName=AMP_IN+_FirstValve Pin=J2-3
Added Pin To Net: NetName=AMP_IN+_FirstValve Pin=R3_FirstValve-1
Added Pin To Net: NetName=AMP_IN+_FirstValve Pin=R3_SecondValve-1
Added Pin To Net: NetName=AMP_IN+_FirstValve Pin=R3_ThirdValve-1
Added Pin To Net: NetName=AMP_IN+_FirstValve Pin=U3_FirstValve-8
Added Pin To Net: NetName=AMP_IN+_FirstValve Pin=U3_SecondValve-8
Added Pin To Net: NetName=AMP_IN+_FirstValve Pin=U3_ThirdValve-8
Added Pin To Net: NetName=AMP_IN+_FirstValve Pin=U4-3
Added Pin To Net: NetName=AMP_IN+_FirstValve Pin=U5-2
Added Net: Name=AMP_IN+_FirstValve
Added Pin To Net: NetName=AMP_IN-_FirstValve Pin=J5_FirstValve-1
Added Pin To Net: NetName=AMP_IN-_FirstValve Pin=R3_FirstValve-2
Added Pin To Net: NetName=AMP_IN-_FirstValve Pin=U3_FirstValve-1
Added Net: Name=AMP_IN-_FirstValve
Added Pin To Net: NetName=AMP_IN-_SecondValve Pin=J5_SecondValve-1
Added Pin To Net: NetName=AMP_IN-_SecondValve Pin=R3_SecondValve-2
Added Pin To Net: NetName=AMP_IN-_SecondValve Pin=U3_SecondValve-1
Added Net: Name=AMP_IN-_SecondValve
Added Pin To Net: NetName=AMP_IN-_ThirdValve Pin=J5_ThirdValve-1
Added Pin To Net: NetName=AMP_IN-_ThirdValve Pin=R3_ThirdValve-2
Added Pin To Net: NetName=AMP_IN-_ThirdValve Pin=U3_ThirdValve-1
Added Net: Name=AMP_IN-_ThirdValve
Added Pin To Net: NetName=CAN_RX Pin=U1-4
Added Pin To Net: NetName=CAN_RX Pin=U2-21
Added Net: Name=CAN_RX
Added Pin To Net: NetName=CAN_TX Pin=U1-1
Added Pin To Net: NetName=CAN_TX Pin=U2-22
Added Net: Name=CAN_TX
Added Pin To Net: NetName=CANH Pin=J1-2
Added Pin To Net: NetName=CANH Pin=J3-2
Added Pin To Net: NetName=CANH Pin=R1-1
Added Pin To Net: NetName=CANH Pin=U1-7
Added Net: Name=CANH
Added Pin To Net: NetName=CANL Pin=J1-3
Added Pin To Net: NetName=CANL Pin=J3-3
Added Pin To Net: NetName=CANL Pin=R1-2
Added Pin To Net: NetName=CANL Pin=U1-6
Added Net: Name=CANL
Added Pin To Net: NetName=DGND Pin=C1-2
Added Pin To Net: NetName=DGND Pin=C3-2
Added Pin To Net: NetName=DGND Pin=J1-1
Added Pin To Net: NetName=DGND Pin=J1-4
Added Pin To Net: NetName=DGND Pin=J3-1
Added Pin To Net: NetName=DGND Pin=J3-4
Added Pin To Net: NetName=DGND Pin=J4-3
Added Pin To Net: NetName=DGND Pin=Q2_FirstValve-1
Added Pin To Net: NetName=DGND Pin=Q2_SecondValve-1
Added Pin To Net: NetName=DGND Pin=Q2_ThirdValve-1
Added Pin To Net: NetName=DGND Pin=R2-1
Added Pin To Net: NetName=DGND Pin=R8-1
Added Pin To Net: NetName=DGND Pin=R10-1
Added Pin To Net: NetName=DGND Pin=U1-2
Added Pin To Net: NetName=DGND Pin=U2-16
Added Pin To Net: NetName=DGND Pin=U2-32
Added Pin To Net: NetName=DGND Pin=Y1-2
Added Net: Name=DGND
Added Pin To Net: NetName=MGND Pin=C2-2
Added Pin To Net: NetName=MGND Pin=J2-2
Added Pin To Net: NetName=MGND Pin=J2-4
Added Pin To Net: NetName=MGND Pin=Q1_FirstValve-3
Added Pin To Net: NetName=MGND Pin=Q1_SecondValve-3
Added Pin To Net: NetName=MGND Pin=Q1_ThirdValve-3
Added Pin To Net: NetName=MGND Pin=R9-2
Added Pin To Net: NetName=MGND Pin=R10-2
Added Net: Name=MGND
Added Pin To Net: NetName=NetD1_FirstValve_1 Pin=D1_FirstValve-1
Added Pin To Net: NetName=NetD1_FirstValve_1 Pin=J5_FirstValve-2
Added Pin To Net: NetName=NetD1_FirstValve_1 Pin=Q1_FirstValve-1
Added Net: Name=NetD1_FirstValve_1
Added Pin To Net: NetName=NetD1_SecondValve_1 Pin=D1_SecondValve-1
Added Pin To Net: NetName=NetD1_SecondValve_1 Pin=J5_SecondValve-2
Added Pin To Net: NetName=NetD1_SecondValve_1 Pin=Q1_SecondValve-1
Added Net: Name=NetD1_SecondValve_1
Added Pin To Net: NetName=NetD1_ThirdValve_1 Pin=D1_ThirdValve-1
Added Pin To Net: NetName=NetD1_ThirdValve_1 Pin=J5_ThirdValve-2
Added Pin To Net: NetName=NetD1_ThirdValve_1 Pin=Q1_ThirdValve-1
Added Net: Name=NetD1_ThirdValve_1
Added Pin To Net: NetName=NetQ1_FirstValve_2 Pin=Q1_FirstValve-2
Added Pin To Net: NetName=NetQ1_FirstValve_2 Pin=Q2_FirstValve-3
Added Pin To Net: NetName=NetQ1_FirstValve_2 Pin=R4_FirstValve-2
Added Net: Name=NetQ1_FirstValve_2
Added Pin To Net: NetName=NetQ1_SecondValve_2 Pin=Q1_SecondValve-2
Added Pin To Net: NetName=NetQ1_SecondValve_2 Pin=Q2_SecondValve-3
Added Pin To Net: NetName=NetQ1_SecondValve_2 Pin=R4_SecondValve-2
Added Net: Name=NetQ1_SecondValve_2
Added Pin To Net: NetName=NetQ1_ThirdValve_2 Pin=Q1_ThirdValve-2
Added Pin To Net: NetName=NetQ1_ThirdValve_2 Pin=Q2_ThirdValve-3
Added Pin To Net: NetName=NetQ1_ThirdValve_2 Pin=R4_ThirdValve-2
Added Net: Name=NetQ1_ThirdValve_2
Added Pin To Net: NetName=NetQ2_FirstValve_2 Pin=Q2_FirstValve-2
Added Pin To Net: NetName=NetQ2_FirstValve_2 Pin=R5_FirstValve-2
Added Pin To Net: NetName=NetQ2_FirstValve_2 Pin=R6_FirstValve-1
Added Net: Name=NetQ2_FirstValve_2
Added Pin To Net: NetName=NetQ2_SecondValve_2 Pin=Q2_SecondValve-2
Added Pin To Net: NetName=NetQ2_SecondValve_2 Pin=R5_SecondValve-2
Added Pin To Net: NetName=NetQ2_SecondValve_2 Pin=R6_SecondValve-1
Added Net: Name=NetQ2_SecondValve_2
Added Pin To Net: NetName=NetQ2_ThirdValve_2 Pin=Q2_ThirdValve-2
Added Pin To Net: NetName=NetQ2_ThirdValve_2 Pin=R5_ThirdValve-2
Added Pin To Net: NetName=NetQ2_ThirdValve_2 Pin=R6_ThirdValve-1
Added Net: Name=NetQ2_ThirdValve_2
Added Pin To Net: NetName=NetR2_2 Pin=R2-2
Added Pin To Net: NetName=NetR2_2 Pin=U2-31
Added Net: Name=NetR2_2
Added Pin To Net: NetName=NetR7_1 Pin=R7-1
Added Pin To Net: NetName=NetR7_1 Pin=R8-2
Added Pin To Net: NetName=NetR7_1 Pin=U4-1
Added Net: Name=NetR7_1
Added Pin To Net: NetName=NetU2_2 Pin=U2-2
Added Pin To Net: NetName=NetU2_2 Pin=Y1-3
Added Net: Name=NetU2_2
Added Pin To Net: NetName=NetU2_3 Pin=U2-3
Added Pin To Net: NetName=NetU2_3 Pin=Y1-1
Added Net: Name=NetU2_3
Added Pin To Net: NetName=SWCLK Pin=J4-2
Added Pin To Net: NetName=SWCLK Pin=U2-24
Added Net: Name=SWCLK
Added Pin To Net: NetName=SWDIO Pin=J4-4
Added Pin To Net: NetName=SWDIO Pin=U2-23
Added Net: Name=SWDIO
Added Pin To Net: NetName=Val1_PWM Pin=R6_FirstValve-2
Added Pin To Net: NetName=Val1_PWM Pin=U2-7
Added Net: Name=Val1_PWM
Added Pin To Net: NetName=Val1_Sense Pin=U2-10
Added Pin To Net: NetName=Val1_Sense Pin=U3_FirstValve-5
Added Net: Name=Val1_Sense
Added Pin To Net: NetName=Val2_PWM Pin=R6_SecondValve-2
Added Pin To Net: NetName=Val2_PWM Pin=U2-8
Added Net: Name=Val2_PWM
Added Pin To Net: NetName=Val2_Sense Pin=U2-11
Added Pin To Net: NetName=Val2_Sense Pin=U3_SecondValve-5
Added Net: Name=Val2_Sense
Added Pin To Net: NetName=Val3_PWM Pin=R6_ThirdValve-2
Added Pin To Net: NetName=Val3_PWM Pin=U2-9
Added Net: Name=Val3_PWM
Added Pin To Net: NetName=Val3_Sense Pin=U2-12
Added Pin To Net: NetName=Val3_Sense Pin=U3_ThirdValve-5
Added Net: Name=Val3_Sense
Added Class: Name=Designator
Added Class: Name=FirstValve
Added Class: Name=SecondValve
Added Class: Name=ThirdValve
Added Class: Name=valves
Added Class: Name=ValveControl
Added Room: Name=Designator
Added Room: Name=FirstValve
Added Room: Name=SecondValve
Added Room: Name=ThirdValve
Added Room: Name=valves
