Replace Part C1 C0805 in C:\Users\julli\OneDrive - California Institute of Technology\PARSEC\avionics\rocket_main\Power_Schematic.SchDoc with C0805 from PARSEC.SchLib
Replace Part C2 C0805 in C:\Users\julli\OneDrive - California Institute of Technology\PARSEC\avionics\rocket_main\Power_Schematic.SchDoc with C0805 from PARSEC.SchLib
Replace Part C22 C0805 in C:\Users\julli\OneDrive - California Institute of Technology\PARSEC\avionics\rocket_main\Power_Schematic.SchDoc with C0805 from PARSEC.SchLib
Replace Part C23 C0805 in C:\Users\julli\OneDrive - California Institute of Technology\PARSEC\avionics\rocket_main\Power_Schematic.SchDoc with C0805 from PARSEC.SchLib
Replace Part C34 C0805 in C:\Users\julli\OneDrive - California Institute of Technology\PARSEC\avionics\rocket_main\Power_Schematic.SchDoc with C0805 from PARSEC.SchLib
Replace Part C35 C0805 in C:\Users\julli\OneDrive - California Institute of Technology\PARSEC\avionics\rocket_main\Power_Schematic.SchDoc with C0805 from PARSEC.SchLib
Replace Part C36 C0805 in C:\Users\julli\OneDrive - California Institute of Technology\PARSEC\avionics\rocket_main\Power_Schematic.SchDoc with C0805 from PARSEC.SchLib
Replace Part C37 C0805 in C:\Users\julli\OneDrive - California Institute of Technology\PARSEC\avionics\rocket_main\Power_Schematic.SchDoc with C0805 from PARSEC.SchLib
Replace Part D3 LED in C:\Users\julli\OneDrive - California Institute of Technology\PARSEC\avionics\rocket_main\Power_Schematic.SchDoc with LED from PARSEC.SchLib
Replace Part FB1 FERRITE in C:\Users\julli\OneDrive - California Institute of Technology\PARSEC\avionics\rocket_main\Power_Schematic.SchDoc with FERRITE from PARSEC.SchLib
Replace Part P1 Molex KK 1x2 in C:\Users\julli\OneDrive - California Institute of Technology\PARSEC\avionics\rocket_main\Power_Schematic.SchDoc with Molex KK 1x2 from PARSEC.SchLib
Replace Part P2 Molex KK 1x2 in C:\Users\julli\OneDrive - California Institute of Technology\PARSEC\avionics\rocket_main\Power_Schematic.SchDoc with Molex KK 1x2 from PARSEC.SchLib
Replace Part P6 Molex KK 1x2 in C:\Users\julli\OneDrive - California Institute of Technology\PARSEC\avionics\rocket_main\Power_Schematic.SchDoc with Molex KK 1x2 from PARSEC.SchLib
Replace Part R1 R0805 in C:\Users\julli\OneDrive - California Institute of Technology\PARSEC\avionics\rocket_main\Power_Schematic.SchDoc with R0805 from PARSEC.SchLib
Replace Part R2 R0805 in C:\Users\julli\OneDrive - California Institute of Technology\PARSEC\avionics\rocket_main\Power_Schematic.SchDoc with R0805 from PARSEC.SchLib
Replace Part R5 R0805 in C:\Users\julli\OneDrive - California Institute of Technology\PARSEC\avionics\rocket_main\Power_Schematic.SchDoc with R0805 from PARSEC.SchLib
Replace Part R6 R0805 in C:\Users\julli\OneDrive - California Institute of Technology\PARSEC\avionics\rocket_main\Power_Schematic.SchDoc with R0805 from PARSEC.SchLib
Replace Part R7 R0805 in C:\Users\julli\OneDrive - California Institute of Technology\PARSEC\avionics\rocket_main\Power_Schematic.SchDoc with R0805 from PARSEC.SchLib
Replace Part U1 LM317 in C:\Users\julli\OneDrive - California Institute of Technology\PARSEC\avionics\rocket_main\Power_Schematic.SchDoc with LM317 from PARSEC.SchLib
Replace Part U5 LM317 in C:\Users\julli\OneDrive - California Institute of Technology\PARSEC\avionics\rocket_main\Power_Schematic.SchDoc with LM317 from PARSEC.SchLib
