Change Component Comment : Designator=D2_VD4 Old Comment=824501141 DNL New Comment=824501141
Change Component Comment : Designator=P5_VD4 Old Comment=Molex KK 1x2 DNL New Comment=Molex KK 1x2
Added Component: Designator=P10(Molex KK 4x1)
Add component. Clean all parameters for all variants
Added Component: Designator=P11(Molex KK 4x1)
Add component. Clean all parameters for all variants
Added Component: Designator=P12(Molex KK 4x1)
Add component. Clean all parameters for all variants
Added Component: Designator=P13(Molex KK 4x1)
Add component. Clean all parameters for all variants
Added Component: Designator=P14(Molex KK 4x1)
Add component. Clean all parameters for all variants
Added Component: Designator=P15(Molex KK 4x1)
Add component. Clean all parameters for all variants
Added Component: Designator=P16(Molex KK 4x1)
Add component. Clean all parameters for all variants
Added Pin To Net: NetName=3V3_DVDD Pin=P10-1
Added Pin To Net: NetName=DGND Pin=P10-3
Added Pin To Net: NetName=3V3_DVDD Pin=P11-1
Added Pin To Net: NetName=DGND Pin=P11-3
Added Pin To Net: NetName=3V3_DVDD Pin=P12-1
Added Pin To Net: NetName=DGND Pin=P12-3
Added Pin To Net: NetName=3V3_DVDD Pin=P13-1
Added Pin To Net: NetName=DGND Pin=P13-3
Added Pin To Net: NetName=3V3_DVDD Pin=P14-1
Added Pin To Net: NetName=DGND Pin=P14-3
Added Pin To Net: NetName=3V3_DVDD Pin=P15-1
Added Pin To Net: NetName=DGND Pin=P15-3
Added Pin To Net: NetName=3V3_DVDD Pin=P16-1
Added Pin To Net: NetName=DGND Pin=P16-3
Added Pin To Net: NetName=POT0 Pin=P10-2
Added Net: Name=POT0
Added Pin To Net: NetName=POT1 Pin=P12-2
Added Net: Name=POT1
Added Pin To Net: NetName=POT2 Pin=P15-2
Added Net: Name=POT2
Added Pin To Net: NetName=POT3 Pin=P11-2
Added Net: Name=POT3
Added Pin To Net: NetName=POT4 Pin=P13-2
Added Net: Name=POT4
Added Pin To Net: NetName=POT5 Pin=P14-2
Added Net: Name=POT5
Added Pin To Net: NetName=POT6 Pin=P16-2
Added Net: Name=POT6
Added Member To Class: ClassName=rocket_main_micro Member=Component P10 Molex KK 1x4
Added Member To Class: ClassName=rocket_main_micro Member=Component P11 Molex KK 1x4
Added Member To Class: ClassName=rocket_main_micro Member=Component P12 Molex KK 1x4
Added Member To Class: ClassName=rocket_main_micro Member=Component P13 Molex KK 1x4
Added Member To Class: ClassName=rocket_main_micro Member=Component P14 Molex KK 1x4
Added Member To Class: ClassName=rocket_main_micro Member=Component P15 Molex KK 1x4
Added Member To Class: ClassName=rocket_main_micro Member=Component P16 Molex KK 1x4
