Added Component: Designator=C1(C0805)
Add component. Clean all parameters for all variants
Add component (AddParameter): Name = "Value"; Value = ".1uF"; VariantName = "[No Variations]"
Added Component: Designator=C2(C0805)
Add component. Clean all parameters for all variants
Add component (AddParameter): Name = "Value"; Value = "1uF"; VariantName = "[No Variations]"
Added Component: Designator=C3(C0805)
Add component. Clean all parameters for all variants
Add component (AddParameter): Name = "Value"; Value = "100n"; VariantName = "[No Variations]"
Added Component: Designator=C4(C0805)
Add component. Clean all parameters for all variants
Add component (AddParameter): Name = "Value"; Value = "100n"; VariantName = "[No Variations]"
Added Component: Designator=C5(C0805)
Add component. Clean all parameters for all variants
Add component (AddParameter): Name = "Value"; Value = "1u"; VariantName = "[No Variations]"
Added Component: Designator=C6(C0805)
Add component. Clean all parameters for all variants
Add component (AddParameter): Name = "Value"; Value = "100n"; VariantName = "[No Variations]"
Added Component: Designator=C7(C0805)
Add component. Clean all parameters for all variants
Add component (AddParameter): Name = "Value"; Value = "100n"; VariantName = "[No Variations]"
Added Component: Designator=C8(C0805)
Add component. Clean all parameters for all variants
Add component (AddParameter): Name = "Value"; Value = "100n"; VariantName = "[No Variations]"
Added Component: Designator=C9(C0805)
Add component. Clean all parameters for all variants
Add component (AddParameter): Name = "Value"; Value = "100n"; VariantName = "[No Variations]"
Added Component: Designator=C10(C0805)
Add component. Clean all parameters for all variants
Add component (AddParameter): Name = "Value"; Value = "4u7"; VariantName = "[No Variations]"
Added Component: Designator=C11(C0805)
Add component. Clean all parameters for all variants
Add component (AddParameter): Name = "Value"; Value = "100n"; VariantName = "[No Variations]"
Added Component: Designator=C12(C0805)
Add component. Clean all parameters for all variants
Add component (AddParameter): Name = "Value"; Value = "100n"; VariantName = "[No Variations]"
Added Component: Designator=C13(C0805)
Add component. Clean all parameters for all variants
Add component (AddParameter): Name = "Value"; Value = "100n"; VariantName = "[No Variations]"
Added Component: Designator=C14(C0805)
Add component. Clean all parameters for all variants
Add component (AddParameter): Name = "Value"; Value = "100n"; VariantName = "[No Variations]"
Added Component: Designator=C15(C0805)
Add component. Clean all parameters for all variants
Add component (AddParameter): Name = "Value"; Value = "100n"; VariantName = "[No Variations]"
Added Component: Designator=C16(C0805)
Add component. Clean all parameters for all variants
Add component (AddParameter): Name = "Value"; Value = "100n"; VariantName = "[No Variations]"
Added Component: Designator=C17(C0805)
Add component. Clean all parameters for all variants
Add component (AddParameter): Name = "Value"; Value = "100n"; VariantName = "[No Variations]"
Added Component: Designator=C18(C0805)
Add component. Clean all parameters for all variants
Add component (AddParameter): Name = "Value"; Value = "100n"; VariantName = "[No Variations]"
Added Component: Designator=C19(C0805)
Add component. Clean all parameters for all variants
Add component (AddParameter): Name = "Value"; Value = "2u2"; VariantName = "[No Variations]"
Added Component: Designator=C20_TEMP1(C0805)
Add component. Clean all parameters for all variants
Add component (AddParameter): Name = "Value"; Value = "0.01uF"; VariantName = "[No Variations]"
Added Component: Designator=C20_TEMP2(C0805)
Add component. Clean all parameters for all variants
Add component (AddParameter): Name = "Value"; Value = "0.01uF"; VariantName = "[No Variations]"
Added Component: Designator=C20_TEMP3(C0805)
Add component. Clean all parameters for all variants
Add component (AddParameter): Name = "Value"; Value = "0.01uF"; VariantName = "[No Variations]"
Added Component: Designator=C20_TEMP4(C0805)
Add component. Clean all parameters for all variants
Add component (AddParameter): Name = "Value"; Value = "0.01uF"; VariantName = "[No Variations]"
Added Component: Designator=C20_TEMP5(C0805)
Add component. Clean all parameters for all variants
Add component (AddParameter): Name = "Value"; Value = "0.01uF"; VariantName = "[No Variations]"
Added Component: Designator=C20_TEMP6(C0805)
Add component. Clean all parameters for all variants
Add component (AddParameter): Name = "Value"; Value = "0.01uF"; VariantName = "[No Variations]"
Added Component: Designator=C20_TEMP7(C0805)
Add component. Clean all parameters for all variants
Add component (AddParameter): Name = "Value"; Value = "0.01uF"; VariantName = "[No Variations]"
Added Component: Designator=C20_TEMP8(C0805)
Add component. Clean all parameters for all variants
Add component (AddParameter): Name = "Value"; Value = "0.01uF"; VariantName = "[No Variations]"
Added Component: Designator=C20_VD1(C0603)
Add component. Clean all parameters for all variants
Add component (AddParameter): Name = "Value"; Value = "1 uF"; VariantName = "[No Variations]"
Added Component: Designator=C20_VD2(C0603)
Add component. Clean all parameters for all variants
Add component (AddParameter): Name = "Value"; Value = "1 uF"; VariantName = "[No Variations]"
Added Component: Designator=C20_VD3(C0603)
Add component. Clean all parameters for all variants
Add component (AddParameter): Name = "Value"; Value = "1 uF"; VariantName = "[No Variations]"
Added Component: Designator=C20_VD4(C0603)
Add component. Clean all parameters for all variants
Add component (AddParameter): Name = "Value"; Value = "1 uF"; VariantName = "[No Variations]"
Added Component: Designator=C21_TEMP1(C0805)
Add component. Clean all parameters for all variants
Add component (AddParameter): Name = "Value"; Value = "0.1uF"; VariantName = "[No Variations]"
Added Component: Designator=C21_TEMP2(C0805)
Add component. Clean all parameters for all variants
Add component (AddParameter): Name = "Value"; Value = "0.1uF"; VariantName = "[No Variations]"
Added Component: Designator=C21_TEMP3(C0805)
Add component. Clean all parameters for all variants
Add component (AddParameter): Name = "Value"; Value = "0.1uF"; VariantName = "[No Variations]"
Added Component: Designator=C21_TEMP4(C0805)
Add component. Clean all parameters for all variants
Add component (AddParameter): Name = "Value"; Value = "0.1uF"; VariantName = "[No Variations]"
Added Component: Designator=C21_TEMP5(C0805)
Add component. Clean all parameters for all variants
Add component (AddParameter): Name = "Value"; Value = "0.1uF"; VariantName = "[No Variations]"
Added Component: Designator=C21_TEMP6(C0805)
Add component. Clean all parameters for all variants
Add component (AddParameter): Name = "Value"; Value = "0.1uF"; VariantName = "[No Variations]"
Added Component: Designator=C21_TEMP7(C0805)
Add component. Clean all parameters for all variants
Add component (AddParameter): Name = "Value"; Value = "0.1uF"; VariantName = "[No Variations]"
Added Component: Designator=C21_TEMP8(C0805)
Add component. Clean all parameters for all variants
Add component (AddParameter): Name = "Value"; Value = "0.1uF"; VariantName = "[No Variations]"
Added Component: Designator=C21_VD1(C0603)
Add component. Clean all parameters for all variants
Add component (AddParameter): Name = "Value"; Value = "1 uF"; VariantName = "[No Variations]"
Added Component: Designator=C21_VD2(C0603)
Add component. Clean all parameters for all variants
Add component (AddParameter): Name = "Value"; Value = "1 uF"; VariantName = "[No Variations]"
Added Component: Designator=C21_VD3(C0603)
Add component. Clean all parameters for all variants
Add component (AddParameter): Name = "Value"; Value = "1 uF"; VariantName = "[No Variations]"
Added Component: Designator=C21_VD4(C0603)
Add component. Clean all parameters for all variants
Add component (AddParameter): Name = "Value"; Value = "1 uF"; VariantName = "[No Variations]"
Added Component: Designator=C22_TEMP1(C0805)
Add component. Clean all parameters for all variants
Add component (AddParameter): Name = "Value"; Value = "0.01uF"; VariantName = "[No Variations]"
Added Component: Designator=C22_TEMP2(C0805)
Add component. Clean all parameters for all variants
Add component (AddParameter): Name = "Value"; Value = "0.01uF"; VariantName = "[No Variations]"
Added Component: Designator=C22_TEMP3(C0805)
Add component. Clean all parameters for all variants
Add component (AddParameter): Name = "Value"; Value = "0.01uF"; VariantName = "[No Variations]"
Added Component: Designator=C22_TEMP4(C0805)
Add component. Clean all parameters for all variants
Add component (AddParameter): Name = "Value"; Value = "0.01uF"; VariantName = "[No Variations]"
Added Component: Designator=C22_TEMP5(C0805)
Add component. Clean all parameters for all variants
Add component (AddParameter): Name = "Value"; Value = "0.01uF"; VariantName = "[No Variations]"
Added Component: Designator=C22_TEMP6(C0805)
Add component. Clean all parameters for all variants
Add component (AddParameter): Name = "Value"; Value = "0.01uF"; VariantName = "[No Variations]"
Added Component: Designator=C22_TEMP7(C0805)
Add component. Clean all parameters for all variants
Add component (AddParameter): Name = "Value"; Value = "0.01uF"; VariantName = "[No Variations]"
Added Component: Designator=C22_TEMP8(C0805)
Add component. Clean all parameters for all variants
Add component (AddParameter): Name = "Value"; Value = "0.01uF"; VariantName = "[No Variations]"
Added Component: Designator=C23_TEMP1(C0805)
Add component. Clean all parameters for all variants
Add component (AddParameter): Name = "Value"; Value = "0.1uF"; VariantName = "[No Variations]"
Added Component: Designator=C23_TEMP2(C0805)
Add component. Clean all parameters for all variants
Add component (AddParameter): Name = "Value"; Value = "0.1uF"; VariantName = "[No Variations]"
Added Component: Designator=C23_TEMP3(C0805)
Add component. Clean all parameters for all variants
Add component (AddParameter): Name = "Value"; Value = "0.1uF"; VariantName = "[No Variations]"
Added Component: Designator=C23_TEMP4(C0805)
Add component. Clean all parameters for all variants
Add component (AddParameter): Name = "Value"; Value = "0.1uF"; VariantName = "[No Variations]"
Added Component: Designator=C23_TEMP5(C0805)
Add component. Clean all parameters for all variants
Add component (AddParameter): Name = "Value"; Value = "0.1uF"; VariantName = "[No Variations]"
Added Component: Designator=C23_TEMP6(C0805)
Add component. Clean all parameters for all variants
Add component (AddParameter): Name = "Value"; Value = "0.1uF"; VariantName = "[No Variations]"
Added Component: Designator=C23_TEMP7(C0805)
Add component. Clean all parameters for all variants
Add component (AddParameter): Name = "Value"; Value = "0.1uF"; VariantName = "[No Variations]"
Added Component: Designator=C23_TEMP8(C0805)
Add component. Clean all parameters for all variants
Add component (AddParameter): Name = "Value"; Value = "0.1uF"; VariantName = "[No Variations]"
Added Component: Designator=C24_TEMP1(C0805)
Add component. Clean all parameters for all variants
Add component (AddParameter): Name = "Value"; Value = "0.1uF"; VariantName = "[No Variations]"
Added Component: Designator=C24_TEMP2(C0805)
Add component. Clean all parameters for all variants
Add component (AddParameter): Name = "Value"; Value = "0.1uF"; VariantName = "[No Variations]"
Added Component: Designator=C24_TEMP3(C0805)
Add component. Clean all parameters for all variants
Add component (AddParameter): Name = "Value"; Value = "0.1uF"; VariantName = "[No Variations]"
Added Component: Designator=C24_TEMP4(C0805)
Add component. Clean all parameters for all variants
Add component (AddParameter): Name = "Value"; Value = "0.1uF"; VariantName = "[No Variations]"
Added Component: Designator=C24_TEMP5(C0805)
Add component. Clean all parameters for all variants
Add component (AddParameter): Name = "Value"; Value = "0.1uF"; VariantName = "[No Variations]"
Added Component: Designator=C24_TEMP6(C0805)
Add component. Clean all parameters for all variants
Add component (AddParameter): Name = "Value"; Value = "0.1uF"; VariantName = "[No Variations]"
Added Component: Designator=C24_TEMP7(C0805)
Add component. Clean all parameters for all variants
Add component (AddParameter): Name = "Value"; Value = "0.1uF"; VariantName = "[No Variations]"
Added Component: Designator=C24_TEMP8(C0805)
Add component. Clean all parameters for all variants
Add component (AddParameter): Name = "Value"; Value = "0.1uF"; VariantName = "[No Variations]"
Added Component: Designator=C25(C0805)
Add component. Clean all parameters for all variants
Add component (AddParameter): Name = "Value"; Value = "2u2"; VariantName = "[No Variations]"
Added Component: Designator=D1(0805LED)
Add component. Clean all parameters for all variants
Add component (AddParameter): Name = "Manufacturer"; Value = "OSRAM Opto Semiconductors Inc"; VariantName = "[No Variations]"
Add component (AddParameter): Name = "Manufacturer Part Number"; Value = "LS T676-Q1R2-1-Z"; VariantName = "[No Variations]"
Add component (AddParameter): Name = "Reel"; Value = "D13"; VariantName = "[No Variations]"
Added Component: Designator=FB1(R0805)
Add component. Clean all parameters for all variants
Added Component: Designator=FB2(R0805)
Add component. Clean all parameters for all variants
Added Component: Designator=P1(Molex KK 2x1)
Add component. Clean all parameters for all variants
Added Component: Designator=P2(Molex KK 2x1)
Add component. Clean all parameters for all variants
Added Component: Designator=P3(HDR1X4)
Add component. Clean all parameters for all variants
Add component (AddParameter): Name = "LatestRevisionDate"; Value = "17-Jul-2002"; VariantName = "[No Variations]"
Add component (AddParameter): Name = "LatestRevisionNote"; Value = "Re-released for DXP Platform."; VariantName = "[No Variations]"
Add component (AddParameter): Name = "Publisher"; Value = "Altium Limited"; VariantName = "[No Variations]"
Added Component: Designator=P4_VD1(Molex KK 2x1)
Add component. Clean all parameters for all variants
Added Component: Designator=P4_VD2(Molex KK 2x1)
Add component. Clean all parameters for all variants
Added Component: Designator=P4_VD3(Molex KK 2x1)
Add component. Clean all parameters for all variants
Added Component: Designator=P4_VD4(Molex KK 2x1)
Add component. Clean all parameters for all variants
Added Component: Designator=P5_VD1(Molex KK 2x1)
Add component. Clean all parameters for all variants
Added Component: Designator=P5_VD2(Molex KK 2x1)
Add component. Clean all parameters for all variants
Added Component: Designator=P5_VD3(Molex KK 2x1)
Add component. Clean all parameters for all variants
Added Component: Designator=P5_VD4(Molex KK 2x1)
Add component. Clean all parameters for all variants
Added Component: Designator=P6(Molex KK 4x1)
Add component. Clean all parameters for all variants
Added Component: Designator=R1(R0805)
Add component. Clean all parameters for all variants
Add component (AddParameter): Name = "Value"; Value = "240R"; VariantName = "[No Variations]"
Added Component: Designator=R2(R0805)
Add component. Clean all parameters for all variants
Add component (AddParameter): Name = "Value"; Value = "390 R"; VariantName = "[No Variations]"
Added Component: Designator=R3(R0805)
Add component. Clean all parameters for all variants
Add component (AddParameter): Name = "Value"; Value = "120R"; VariantName = "[No Variations]"
Added Component: Designator=R4(R0805)
Add component. Clean all parameters for all variants
Add component (AddParameter): Name = "Value"; Value = "100R"; VariantName = "[No Variations]"
Added Component: Designator=R5(R0805)
Add component. Clean all parameters for all variants
Add component (AddParameter): Name = "Value"; Value = "2k"; VariantName = "[No Variations]"
Added Component: Designator=R6(R0805)
Add component. Clean all parameters for all variants
Add component (AddParameter): Name = "Value"; Value = "240R"; VariantName = "[No Variations]"
Added Component: Designator=R7(R0805)
Add component. Clean all parameters for all variants
Add component (AddParameter): Name = "Value"; Value = "464R"; VariantName = "[No Variations]"
Added Component: Designator=R8(R0805)
Add component. Clean all parameters for all variants
Add component (AddParameter): Name = "Value"; Value = "1K"; VariantName = "[No Variations]"
Added Component: Designator=SW1(PUSHBUTTON)
Add component. Clean all parameters for all variants
Added Component: Designator=U1(D-PAK)
Add component. Clean all parameters for all variants
Added Component: Designator=U2(SOT-23-8)
Add component. Clean all parameters for all variants
Added Component: Designator=U4(STM-LQFP100_N)
Add component. Clean all parameters for all variants
Added Component: Designator=Y1(8MHz Ceramic Resonator)
Add component. Clean all parameters for all variants
Added Pin To Net: NetName=+5V_VDD Pin=C21_VD1-1
Added Pin To Net: NetName=+5V_VDD Pin=C21_VD2-1
Added Pin To Net: NetName=+5V_VDD Pin=C21_VD3-1
Added Pin To Net: NetName=+5V_VDD Pin=C21_VD4-1
Added Net: Name=+5V_VDD
Added Pin To Net: NetName=+12V_IN Pin=C20_VD1-1
Added Pin To Net: NetName=+12V_IN Pin=C20_VD2-1
Added Pin To Net: NetName=+12V_IN Pin=C20_VD3-1
Added Pin To Net: NetName=+12V_IN Pin=C20_VD4-1
Added Net: Name=+12V_IN
Added Pin To Net: NetName=3V3_AVDD Pin=C4-1
Added Pin To Net: NetName=3V3_AVDD Pin=C5-1
Added Pin To Net: NetName=3V3_AVDD Pin=C23_TEMP1-1
Added Pin To Net: NetName=3V3_AVDD Pin=C23_TEMP2-1
Added Pin To Net: NetName=3V3_AVDD Pin=C23_TEMP3-1
Added Pin To Net: NetName=3V3_AVDD Pin=C23_TEMP4-1
Added Pin To Net: NetName=3V3_AVDD Pin=C23_TEMP5-1
Added Pin To Net: NetName=3V3_AVDD Pin=C23_TEMP6-1
Added Pin To Net: NetName=3V3_AVDD Pin=C23_TEMP7-1
Added Pin To Net: NetName=3V3_AVDD Pin=C23_TEMP8-1
Added Pin To Net: NetName=3V3_AVDD Pin=FB1-1
Added Pin To Net: NetName=3V3_AVDD Pin=U4-21
Added Pin To Net: NetName=3V3_AVDD Pin=U4-22
Added Net: Name=3V3_AVDD
Added Pin To Net: NetName=3V3_DVDD Pin=C2-1
Added Pin To Net: NetName=3V3_DVDD Pin=C3-1
Added Pin To Net: NetName=3V3_DVDD Pin=C6-1
Added Pin To Net: NetName=3V3_DVDD Pin=C7-1
Added Pin To Net: NetName=3V3_DVDD Pin=C8-1
Added Pin To Net: NetName=3V3_DVDD Pin=C9-1
Added Pin To Net: NetName=3V3_DVDD Pin=C10-1
Added Pin To Net: NetName=3V3_DVDD Pin=C11-1
Added Pin To Net: NetName=3V3_DVDD Pin=C12-1
Added Pin To Net: NetName=3V3_DVDD Pin=C13-1
Added Pin To Net: NetName=3V3_DVDD Pin=C14-1
Added Pin To Net: NetName=3V3_DVDD Pin=C15-1
Added Pin To Net: NetName=3V3_DVDD Pin=C16-1
Added Pin To Net: NetName=3V3_DVDD Pin=C17-1
Added Pin To Net: NetName=3V3_DVDD Pin=C18-1
Added Pin To Net: NetName=3V3_DVDD Pin=C24_TEMP1-1
Added Pin To Net: NetName=3V3_DVDD Pin=C24_TEMP2-1
Added Pin To Net: NetName=3V3_DVDD Pin=C24_TEMP3-1
Added Pin To Net: NetName=3V3_DVDD Pin=C24_TEMP4-1
Added Pin To Net: NetName=3V3_DVDD Pin=C24_TEMP5-1
Added Pin To Net: NetName=3V3_DVDD Pin=C24_TEMP6-1
Added Pin To Net: NetName=3V3_DVDD Pin=C24_TEMP7-1
Added Pin To Net: NetName=3V3_DVDD Pin=C24_TEMP8-1
Added Pin To Net: NetName=3V3_DVDD Pin=FB1-2
Added Pin To Net: NetName=3V3_DVDD Pin=P2-1
Added Pin To Net: NetName=3V3_DVDD Pin=P3-1
Added Pin To Net: NetName=3V3_DVDD Pin=R1-2
Added Pin To Net: NetName=3V3_DVDD Pin=R5-2
Added Pin To Net: NetName=3V3_DVDD Pin=R8-2
Added Pin To Net: NetName=3V3_DVDD Pin=U1-4
Added Pin To Net: NetName=3V3_DVDD Pin=U2-3
Added Pin To Net: NetName=3V3_DVDD Pin=U4-6
Added Pin To Net: NetName=3V3_DVDD Pin=U4-11
Added Pin To Net: NetName=3V3_DVDD Pin=U4-19
Added Pin To Net: NetName=3V3_DVDD Pin=U4-28
Added Pin To Net: NetName=3V3_DVDD Pin=U4-50
Added Pin To Net: NetName=3V3_DVDD Pin=U4-75
Added Pin To Net: NetName=3V3_DVDD Pin=U4-100
Added Net: Name=3V3_DVDD
Added Pin To Net: NetName=ADC_IN_1 Pin=U4-23
Added Net: Name=ADC_IN_1
Added Pin To Net: NetName=ADC_IN_2 Pin=U4-24
Added Net: Name=ADC_IN_2
Added Pin To Net: NetName=ADC_IN_3 Pin=U4-25
Added Net: Name=ADC_IN_3
Added Pin To Net: NetName=ADC_IN_4 Pin=U4-26
Added Net: Name=ADC_IN_4
Added Pin To Net: NetName=ADC_IN_5 Pin=U4-15
Added Net: Name=ADC_IN_5
Added Pin To Net: NetName=ADC_IN_6 Pin=U4-16
Added Net: Name=ADC_IN_6
Added Pin To Net: NetName=AGND Pin=C4-2
Added Pin To Net: NetName=AGND Pin=C5-2
Added Pin To Net: NetName=AGND Pin=C20_TEMP1-2
Added Pin To Net: NetName=AGND Pin=C20_TEMP2-2
Added Pin To Net: NetName=AGND Pin=C20_TEMP3-2
Added Pin To Net: NetName=AGND Pin=C20_TEMP4-2
Added Pin To Net: NetName=AGND Pin=C20_TEMP5-2
Added Pin To Net: NetName=AGND Pin=C20_TEMP6-2
Added Pin To Net: NetName=AGND Pin=C20_TEMP7-2
Added Pin To Net: NetName=AGND Pin=C20_TEMP8-2
Added Pin To Net: NetName=AGND Pin=C22_TEMP1-2
Added Pin To Net: NetName=AGND Pin=C22_TEMP2-2
Added Pin To Net: NetName=AGND Pin=C22_TEMP3-2
Added Pin To Net: NetName=AGND Pin=C22_TEMP4-2
Added Pin To Net: NetName=AGND Pin=C22_TEMP5-2
Added Pin To Net: NetName=AGND Pin=C22_TEMP6-2
Added Pin To Net: NetName=AGND Pin=C22_TEMP7-2
Added Pin To Net: NetName=AGND Pin=C22_TEMP8-2
Added Pin To Net: NetName=AGND Pin=C23_TEMP1-2
Added Pin To Net: NetName=AGND Pin=C23_TEMP2-2
Added Pin To Net: NetName=AGND Pin=C23_TEMP3-2
Added Pin To Net: NetName=AGND Pin=C23_TEMP4-2
Added Pin To Net: NetName=AGND Pin=C23_TEMP5-2
Added Pin To Net: NetName=AGND Pin=C23_TEMP6-2
Added Pin To Net: NetName=AGND Pin=C23_TEMP7-2
Added Pin To Net: NetName=AGND Pin=C23_TEMP8-2
Added Pin To Net: NetName=AGND Pin=FB2-1
Added Pin To Net: NetName=AGND Pin=U4-20
Added Net: Name=AGND
Added Pin To Net: NetName=CAN_RX Pin=U2-4
Added Pin To Net: NetName=CAN_RX Pin=U4-70
Added Net: Name=CAN_RX
Added Pin To Net: NetName=CAN_TX Pin=U2-1
Added Pin To Net: NetName=CAN_TX Pin=U4-71
Added Net: Name=CAN_TX
Added Pin To Net: NetName=CLK Pin=U4-89
Added Net: Name=CLK
Added Pin To Net: NetName=CS1 Pin=U4-88
Added Net: Name=CS1
Added Pin To Net: NetName=CS2 Pin=U4-87
Added Net: Name=CS2
Added Pin To Net: NetName=CS3 Pin=U4-86
Added Net: Name=CS3
Added Pin To Net: NetName=CS4 Pin=U4-85
Added Net: Name=CS4
Added Pin To Net: NetName=CS5 Pin=U4-84
Added Net: Name=CS5
Added Pin To Net: NetName=CS6 Pin=U4-83
Added Net: Name=CS6
Added Pin To Net: NetName=CS7 Pin=U4-82
Added Net: Name=CS7
Added Pin To Net: NetName=CS8 Pin=U4-81
Added Net: Name=CS8
Added Pin To Net: NetName=CS9 Pin=U4-80
Added Net: Name=CS9
Added Pin To Net: NetName=DGND Pin=C1-2
Added Pin To Net: NetName=DGND Pin=C2-2
Added Pin To Net: NetName=DGND Pin=C3-2
Added Pin To Net: NetName=DGND Pin=C6-2
Added Pin To Net: NetName=DGND Pin=C7-2
Added Pin To Net: NetName=DGND Pin=C8-2
Added Pin To Net: NetName=DGND Pin=C9-2
Added Pin To Net: NetName=DGND Pin=C10-2
Added Pin To Net: NetName=DGND Pin=C11-2
Added Pin To Net: NetName=DGND Pin=C12-2
Added Pin To Net: NetName=DGND Pin=C13-2
Added Pin To Net: NetName=DGND Pin=C14-2
Added Pin To Net: NetName=DGND Pin=C15-2
Added Pin To Net: NetName=DGND Pin=C16-2
Added Pin To Net: NetName=DGND Pin=C17-2
Added Pin To Net: NetName=DGND Pin=C18-2
Added Pin To Net: NetName=DGND Pin=C19-2
Added Pin To Net: NetName=DGND Pin=C20_VD1-2
Added Pin To Net: NetName=DGND Pin=C20_VD2-2
Added Pin To Net: NetName=DGND Pin=C20_VD3-2
Added Pin To Net: NetName=DGND Pin=C20_VD4-2
Added Pin To Net: NetName=DGND Pin=C21_VD1-2
Added Pin To Net: NetName=DGND Pin=C21_VD2-2
Added Pin To Net: NetName=DGND Pin=C21_VD3-2
Added Pin To Net: NetName=DGND Pin=C21_VD4-2
Added Pin To Net: NetName=DGND Pin=C24_TEMP1-2
Added Pin To Net: NetName=DGND Pin=C24_TEMP2-2
Added Pin To Net: NetName=DGND Pin=C24_TEMP3-2
Added Pin To Net: NetName=DGND Pin=C24_TEMP4-2
Added Pin To Net: NetName=DGND Pin=C24_TEMP5-2
Added Pin To Net: NetName=DGND Pin=C24_TEMP6-2
Added Pin To Net: NetName=DGND Pin=C24_TEMP7-2
Added Pin To Net: NetName=DGND Pin=C24_TEMP8-2
Added Pin To Net: NetName=DGND Pin=C25-2
Added Pin To Net: NetName=DGND Pin=D1-K
Added Pin To Net: NetName=DGND Pin=FB2-2
Added Pin To Net: NetName=DGND Pin=P1-1
Added Pin To Net: NetName=DGND Pin=P2-2
Added Pin To Net: NetName=DGND Pin=P3-3
Added Pin To Net: NetName=DGND Pin=P6-2
Added Pin To Net: NetName=DGND Pin=P6-4
Added Pin To Net: NetName=DGND Pin=R2-1
Added Pin To Net: NetName=DGND Pin=R4-2
Added Pin To Net: NetName=DGND Pin=R7-1
Added Pin To Net: NetName=DGND Pin=SW1-2
Added Pin To Net: NetName=DGND Pin=SW1-2
Added Pin To Net: NetName=DGND Pin=U2-2
Added Pin To Net: NetName=DGND Pin=U4-10
Added Pin To Net: NetName=DGND Pin=U4-27
Added Pin To Net: NetName=DGND Pin=U4-49
Added Pin To Net: NetName=DGND Pin=U4-74
Added Pin To Net: NetName=DGND Pin=U4-99
Added Pin To Net: NetName=DGND Pin=Y1-2
Added Net: Name=DGND
Added Pin To Net: NetName=ENABLEA1 Pin=U4-47
Added Net: Name=ENABLEA1
Added Pin To Net: NetName=ENABLEA2 Pin=U4-51
Added Net: Name=ENABLEA2
Added Pin To Net: NetName=ENABLEA3 Pin=U4-63
Added Net: Name=ENABLEA3
Added Pin To Net: NetName=ENABLEA4 Pin=U4-64
Added Net: Name=ENABLEA4
Added Pin To Net: NetName=ENABLEB1 Pin=U4-44
Added Net: Name=ENABLEB1
Added Pin To Net: NetName=ENABLEB2 Pin=U4-45
Added Net: Name=ENABLEB2
Added Pin To Net: NetName=ENABLEB3 Pin=U4-46
Added Net: Name=ENABLEB3
Added Net: Name=ENABLEB4
Added Pin To Net: NetName=MISO Pin=U4-31
Added Net: Name=MISO
Added Pin To Net: NetName=MOSI Pin=U4-32
Added Net: Name=MOSI
Added Pin To Net: NetName=NetC19_1 Pin=C19-1
Added Pin To Net: NetName=NetC19_1 Pin=U4-48
Added Net: Name=NetC19_1
Added Pin To Net: NetName=NetC20_TEMP1_1 Pin=C20_TEMP1-1
Added Pin To Net: NetName=NetC20_TEMP1_1 Pin=C21_TEMP1-1
Added Net: Name=NetC20_TEMP1_1
Added Pin To Net: NetName=NetC20_TEMP2_1 Pin=C20_TEMP2-1
Added Pin To Net: NetName=NetC20_TEMP2_1 Pin=C21_TEMP2-1
Added Net: Name=NetC20_TEMP2_1
Added Pin To Net: NetName=NetC20_TEMP3_1 Pin=C20_TEMP3-1
Added Pin To Net: NetName=NetC20_TEMP3_1 Pin=C21_TEMP3-1
Added Net: Name=NetC20_TEMP3_1
Added Pin To Net: NetName=NetC20_TEMP4_1 Pin=C20_TEMP4-1
Added Pin To Net: NetName=NetC20_TEMP4_1 Pin=C21_TEMP4-1
Added Net: Name=NetC20_TEMP4_1
Added Pin To Net: NetName=NetC20_TEMP5_1 Pin=C20_TEMP5-1
Added Pin To Net: NetName=NetC20_TEMP5_1 Pin=C21_TEMP5-1
Added Net: Name=NetC20_TEMP5_1
Added Pin To Net: NetName=NetC20_TEMP6_1 Pin=C20_TEMP6-1
Added Pin To Net: NetName=NetC20_TEMP6_1 Pin=C21_TEMP6-1
Added Net: Name=NetC20_TEMP6_1
Added Pin To Net: NetName=NetC20_TEMP7_1 Pin=C20_TEMP7-1
Added Pin To Net: NetName=NetC20_TEMP7_1 Pin=C21_TEMP7-1
Added Net: Name=NetC20_TEMP7_1
Added Pin To Net: NetName=NetC20_TEMP8_1 Pin=C20_TEMP8-1
Added Pin To Net: NetName=NetC20_TEMP8_1 Pin=C21_TEMP8-1
Added Net: Name=NetC20_TEMP8_1
Added Pin To Net: NetName=NetC21_TEMP1_2 Pin=C21_TEMP1-2
Added Pin To Net: NetName=NetC21_TEMP1_2 Pin=C22_TEMP1-1
Added Net: Name=NetC21_TEMP1_2
Added Pin To Net: NetName=NetC21_TEMP2_2 Pin=C21_TEMP2-2
Added Pin To Net: NetName=NetC21_TEMP2_2 Pin=C22_TEMP2-1
Added Net: Name=NetC21_TEMP2_2
Added Pin To Net: NetName=NetC21_TEMP3_2 Pin=C21_TEMP3-2
Added Pin To Net: NetName=NetC21_TEMP3_2 Pin=C22_TEMP3-1
Added Net: Name=NetC21_TEMP3_2
Added Pin To Net: NetName=NetC21_TEMP4_2 Pin=C21_TEMP4-2
Added Pin To Net: NetName=NetC21_TEMP4_2 Pin=C22_TEMP4-1
Added Net: Name=NetC21_TEMP4_2
Added Pin To Net: NetName=NetC21_TEMP5_2 Pin=C21_TEMP5-2
Added Pin To Net: NetName=NetC21_TEMP5_2 Pin=C22_TEMP5-1
Added Net: Name=NetC21_TEMP5_2
Added Pin To Net: NetName=NetC21_TEMP6_2 Pin=C21_TEMP6-2
Added Pin To Net: NetName=NetC21_TEMP6_2 Pin=C22_TEMP6-1
Added Net: Name=NetC21_TEMP6_2
Added Pin To Net: NetName=NetC21_TEMP7_2 Pin=C21_TEMP7-2
Added Pin To Net: NetName=NetC21_TEMP7_2 Pin=C22_TEMP7-1
Added Net: Name=NetC21_TEMP7_2
Added Pin To Net: NetName=NetC21_TEMP8_2 Pin=C21_TEMP8-2
Added Pin To Net: NetName=NetC21_TEMP8_2 Pin=C22_TEMP8-1
Added Net: Name=NetC21_TEMP8_2
Added Pin To Net: NetName=NetC25_1 Pin=C25-1
Added Pin To Net: NetName=NetC25_1 Pin=U4-73
Added Net: Name=NetC25_1
Added Pin To Net: NetName=NetD1_A Pin=D1-A
Added Pin To Net: NetName=NetD1_A Pin=R5-1
Added Net: Name=NetD1_A
Added Pin To Net: NetName=NetD1_VD1_A Pin=P4_VD1-1
Added Net: Name=NetD1_VD1_A
Added Pin To Net: NetName=NetD1_VD1_K Pin=P4_VD1-2
Added Net: Name=NetD1_VD1_K
Added Pin To Net: NetName=NetD1_VD2_A Pin=P4_VD2-1
Added Net: Name=NetD1_VD2_A
Added Pin To Net: NetName=NetD1_VD2_K Pin=P4_VD2-2
Added Net: Name=NetD1_VD2_K
Added Pin To Net: NetName=NetD1_VD3_A Pin=P4_VD3-1
Added Net: Name=NetD1_VD3_A
Added Pin To Net: NetName=NetD1_VD3_K Pin=P4_VD3-2
Added Net: Name=NetD1_VD3_K
Added Pin To Net: NetName=NetD1_VD4_A Pin=P4_VD4-1
Added Net: Name=NetD1_VD4_A
Added Pin To Net: NetName=NetD1_VD4_K Pin=P4_VD4-2
Added Net: Name=NetD1_VD4_K
Added Pin To Net: NetName=NetD2_VD1_A Pin=P5_VD1-1
Added Net: Name=NetD2_VD1_A
Added Pin To Net: NetName=NetD2_VD1_K Pin=P5_VD1-2
Added Net: Name=NetD2_VD1_K
Added Pin To Net: NetName=NetD2_VD2_A Pin=P5_VD2-1
Added Net: Name=NetD2_VD2_A
Added Pin To Net: NetName=NetD2_VD2_K Pin=P5_VD2-2
Added Net: Name=NetD2_VD2_K
Added Pin To Net: NetName=NetD2_VD3_A Pin=P5_VD3-1
Added Net: Name=NetD2_VD3_A
Added Pin To Net: NetName=NetD2_VD3_K Pin=P5_VD3-2
Added Net: Name=NetD2_VD3_K
Added Pin To Net: NetName=NetD2_VD4_A Pin=P5_VD4-1
Added Net: Name=NetD2_VD4_A
Added Pin To Net: NetName=NetD2_VD4_K Pin=P5_VD4-2
Added Net: Name=NetD2_VD4_K
Added Pin To Net: NetName=NetP6_3 Pin=P6-3
Added Pin To Net: NetName=NetP6_3 Pin=R6-1
Added Net: Name=NetP6_3
Added Pin To Net: NetName=NetR1_1 Pin=R1-1
Added Pin To Net: NetName=NetR1_1 Pin=R2-2
Added Pin To Net: NetName=NetR1_1 Pin=U1-1
Added Net: Name=NetR1_1
Added Pin To Net: NetName=NetR3_1 Pin=R3-1
Added Pin To Net: NetName=NetR3_1 Pin=U2-6
Added Net: Name=NetR3_1
Added Pin To Net: NetName=NetR3_2 Pin=R3-2
Added Pin To Net: NetName=NetR3_2 Pin=U2-7
Added Net: Name=NetR3_2
Added Pin To Net: NetName=NetR4_1 Pin=R4-1
Added Pin To Net: NetName=NetR4_1 Pin=U4-94
Added Net: Name=NetR4_1
Added Pin To Net: NetName=NetR6_2 Pin=R6-2
Added Pin To Net: NetName=NetR6_2 Pin=R7-2
Added Net: Name=NetR6_2
Added Pin To Net: NetName=NetR8_1 Pin=R8-1
Added Pin To Net: NetName=NetR8_1 Pin=SW1-1
Added Pin To Net: NetName=NetR8_1 Pin=SW1-1
Added Pin To Net: NetName=NetR8_1 Pin=U4-14
Added Net: Name=NetR8_1
Added Pin To Net: NetName=NetU4_12 Pin=U4-12
Added Pin To Net: NetName=NetU4_12 Pin=Y1-3
Added Net: Name=NetU4_12
Added Pin To Net: NetName=NetU4_13 Pin=U4-13
Added Pin To Net: NetName=NetU4_13 Pin=Y1-1
Added Net: Name=NetU4_13
Added Pin To Net: NetName=SOL_A_inC1 Pin=U4-59
Added Net: Name=SOL_A_inC1
Added Pin To Net: NetName=SOL_A_inC2 Pin=U4-60
Added Net: Name=SOL_A_inC2
Added Pin To Net: NetName=SOL_A_inC3 Pin=U4-61
Added Net: Name=SOL_A_inC3
Added Pin To Net: NetName=SOL_A_inC4 Pin=U4-62
Added Net: Name=SOL_A_inC4
Added Pin To Net: NetName=SOL_A_inD1 Pin=U4-55
Added Net: Name=SOL_A_inD1
Added Pin To Net: NetName=SOL_A_inD2 Pin=U4-56
Added Net: Name=SOL_A_inD2
Added Pin To Net: NetName=SOL_A_inD3 Pin=U4-57
Added Net: Name=SOL_A_inD3
Added Pin To Net: NetName=SOL_A_inD4 Pin=U4-58
Added Net: Name=SOL_A_inD4
Added Pin To Net: NetName=SOL_B_inC1 Pin=U4-52
Added Net: Name=SOL_B_inC1
Added Pin To Net: NetName=SOL_B_inC2 Pin=U4-53
Added Net: Name=SOL_B_inC2
Added Pin To Net: NetName=SOL_B_inC3 Pin=U4-54
Added Net: Name=SOL_B_inC3
Added Net: Name=SOL_B_inC4
Added Pin To Net: NetName=SOL_B_inD1 Pin=U4-41
Added Net: Name=SOL_B_inD1
Added Pin To Net: NetName=SOL_B_inD2 Pin=U4-42
Added Net: Name=SOL_B_inD2
Added Pin To Net: NetName=SOL_B_inD3 Pin=U4-43
Added Net: Name=SOL_B_inD3
Added Net: Name=SOL_B_inD4
Added Pin To Net: NetName=SWCLK Pin=P3-2
Added Pin To Net: NetName=SWCLK Pin=U4-76
Added Net: Name=SWCLK
Added Pin To Net: NetName=SWDIO Pin=P3-4
Added Pin To Net: NetName=SWDIO Pin=U4-72
Added Net: Name=SWDIO
Added Pin To Net: NetName=VIN_12 Pin=C1-1
Added Pin To Net: NetName=VIN_12 Pin=P1-2
Added Pin To Net: NetName=VIN_12 Pin=U1-3
Added Net: Name=VIN_12
Added Pin To Net: NetName=VIN_12V Pin=P6-1
Added Net: Name=VIN_12V
Added Class: Name=POWER
Added Class: Name=Repeat(PT,6)
Added Class: Name=rocket_main_micro
Added Class: Name=TEMP1
Added Class: Name=TEMP2
Added Class: Name=TEMP3
Added Class: Name=TEMP4
Added Class: Name=TEMP5
Added Class: Name=TEMP6
Added Class: Name=TEMP7
Added Class: Name=TEMP8
Added Class: Name=VD1
Added Class: Name=VD2
Added Class: Name=VD3
Added Class: Name=VD4
Added Class: Name=ADC_IN_[1..6]
Added Class: Name=CS[1..8]
Added Class: Name=ENABLEA[1..4]
Added Class: Name=ENABLEB[1..4]
Added Class: Name=SOL_A_inC[1..5]
Added Class: Name=SOL_A_inD[1..5]
Added Class: Name=SOL_B_inC[1..5]
Added Class: Name=SOL_B_inD[1..5]
Added Class: Name=Temp_converter
Added Class: Name=valve_schematic
Added Room: Name=POWER
Added Room: Name=Repeat(PT,6)
Added Room: Name=rocket_main_micro
Added Room: Name=TEMP1
Added Room: Name=TEMP2
Added Room: Name=TEMP3
Added Room: Name=TEMP4
Added Room: Name=TEMP5
Added Room: Name=TEMP6
Added Room: Name=TEMP7
Added Room: Name=TEMP8
Added Room: Name=VD1
Added Room: Name=VD2
Added Room: Name=VD3
Added Room: Name=VD4
