Added Pin To Net: NetName=DGND Pin=C4-2
Added Pin To Net: NetName=DGND Pin=C5-2
Added Pin To Net: NetName=DGND Pin=C20_T1-2
Added Pin To Net: NetName=DGND Pin=C20_T2-2
Added Pin To Net: NetName=DGND Pin=C20_T3-2
Added Pin To Net: NetName=DGND Pin=C20_T4-2
Added Pin To Net: NetName=DGND Pin=C20_T5-2
Added Pin To Net: NetName=DGND Pin=C20_T6-2
Added Pin To Net: NetName=DGND Pin=C20_T7-2
Added Pin To Net: NetName=DGND Pin=C20_T8-2
Added Pin To Net: NetName=DGND Pin=C22_T1-2
Added Pin To Net: NetName=DGND Pin=C22_T2-2
Added Pin To Net: NetName=DGND Pin=C22_T3-2
Added Pin To Net: NetName=DGND Pin=C22_T4-2
Added Pin To Net: NetName=DGND Pin=C22_T5-2
Added Pin To Net: NetName=DGND Pin=C22_T6-2
Added Pin To Net: NetName=DGND Pin=C22_T7-2
Added Pin To Net: NetName=DGND Pin=C22_T8-2
Added Pin To Net: NetName=DGND Pin=C23_T1-2
Added Pin To Net: NetName=DGND Pin=C23_T2-2
Added Pin To Net: NetName=DGND Pin=C23_T3-2
Added Pin To Net: NetName=DGND Pin=C23_T4-2
Added Pin To Net: NetName=DGND Pin=C23_T5-2
Added Pin To Net: NetName=DGND Pin=C23_T6-2
Added Pin To Net: NetName=DGND Pin=C23_T7-2
Added Pin To Net: NetName=DGND Pin=C23_T8-2
Added Pin To Net: NetName=DGND Pin=FB2-1
Added Pin To Net: NetName=DGND Pin=U3_T1-1
Added Pin To Net: NetName=DGND Pin=U3_T2-1
Added Pin To Net: NetName=DGND Pin=U3_T3-1
Added Pin To Net: NetName=DGND Pin=U3_T4-1
Added Pin To Net: NetName=DGND Pin=U3_T5-1
Added Pin To Net: NetName=DGND Pin=U3_T6-1
Added Pin To Net: NetName=DGND Pin=U3_T7-1
Added Pin To Net: NetName=DGND Pin=U3_T8-1
Added Pin To Net: NetName=DGND Pin=U4-20
Change Net Name : Old Net Name=DGND New Net Name=AGND
Added Member To Class: ClassName=PT4 Member=Component C26_PT4 (C26) 100n
